  [4;36;1mSQL (261.3ms)[0m   [0;1mSET NAMES 'utf8'[0m
  [4;35;1mSQL (127.8ms)[0m   [0mSET SQL_AUTO_IS_NULL=0[0m
  [4;36;1mSQL (574.7ms)[0m   [0;1mSHOW TABLES[0m
  [4;35;1mEssay Columns (168.3ms)[0m   [0mSHOW FIELDS FROM `essays`[0m
  [4;36;1mEssay Load (191.8ms)[0m   [0;1mSELECT * FROM `essays` LIMIT 1[0m
  [4;36;1mSQL (144.7ms)[0m   [0;1mSET NAMES 'utf8'[0m
  [4;35;1mSQL (20.7ms)[0m   [0mSET SQL_AUTO_IS_NULL=0[0m
  [4;36;1mSQL (202.1ms)[0m   [0;1mSHOW TABLES[0m
  [4;35;1mSQL (164.5ms)[0m   [0mSELECT version FROM schema_migrations[0m
Migrating to CreateEssays (20090810161922)
Migrating to CreateUsers (20090901054043)
Migrating to CreateSessions (20090913174916)
Migrating to AddIsPrivateToEssays (20091124231707)
Migrating to AddColumnPrettyTitleToEssays (20091231073402)
Migrating to RenameEssaysTitlePrettyTitle (20100109173916)
  [4;36;1mSQL (0.1ms)[0m   [0;1mSET NAMES 'utf8'[0m
  [4;35;1mSQL (0.1ms)[0m   [0mSET SQL_AUTO_IS_NULL=0[0m
  [4;36;1mSQL (0.3ms)[0m   [0;1mSHOW TABLES[0m
  [4;35;1mSQL (0.1ms)[0m   [0mSELECT version FROM schema_migrations[0m
Migrating to CreateEssays (20090810161922)
Migrating to CreateUsers (20090901054043)
Migrating to CreateSessions (20090913174916)
Migrating to AddIsPrivateToEssays (20091124231707)
Migrating to AddColumnPrettyTitleToEssays (20091231073402)
Migrating to RenameEssaysTitlePrettyTitle (20100109173916)
  [4;36;1mSQL (169.3ms)[0m   [0;1mSHOW FIELDS FROM `essays`[0m
  [4;35;1mSQL (19.7ms)[0m   [0mSHOW COLUMNS FROM `essays` LIKE 'title'[0m
  [4;36;1mSQL (1048.1ms)[0m   [0;1mALTER TABLE `essays` CHANGE `title` `url_title` varchar(255) DEFAULT NULL[0m
  [4;35;1mSQL (28.8ms)[0m   [0mSHOW FIELDS FROM `essays`[0m
  [4;36;1mSQL (0.6ms)[0m   [0;1mSHOW COLUMNS FROM `essays` LIKE 'pretty_title'[0m
  [4;35;1mSQL (61.5ms)[0m   [0mALTER TABLE `essays` CHANGE `pretty_title` `title` varchar(255) DEFAULT NULL[0m
  [4;36;1mSQL (75.8ms)[0m   [0;1mINSERT INTO schema_migrations (version) VALUES ('20100109173916')[0m
  [4;35;1mSQL (0.6ms)[0m   [0mSHOW TABLES[0m
  [4;36;1mSQL (0.3ms)[0m   [0;1mSELECT version FROM schema_migrations[0m
  [4;35;1mSQL (6.3ms)[0m   [0mSHOW TABLES[0m
  [4;36;1mSQL (2.3ms)[0m   [0;1mSHOW FIELDS FROM `essays`[0m
  [4;35;1mSQL (2.5ms)[0m   [0mdescribe `essays`[0m
  [4;36;1mSQL (18.2ms)[0m   [0;1mSHOW KEYS FROM `essays`[0m
  [4;35;1mSQL (25.9ms)[0m   [0mSHOW FIELDS FROM `sessions`[0m
  [4;36;1mSQL (2.0ms)[0m   [0;1mdescribe `sessions`[0m
  [4;35;1mSQL (22.5ms)[0m   [0mSHOW KEYS FROM `sessions`[0m
  [4;36;1mSQL (22.2ms)[0m   [0;1mSHOW FIELDS FROM `users`[0m
  [4;35;1mSQL (9.7ms)[0m   [0mdescribe `users`[0m
  [4;36;1mSQL (25.7ms)[0m   [0;1mSHOW KEYS FROM `users`[0m
  [4;35;1mEssay Load (0.6ms)[0m   [0mSELECT * FROM `essays` LIMIT 1[0m
  [4;36;1mSQL (0.1ms)[0m   [0;1mSET NAMES 'utf8'[0m
  [4;35;1mSQL (0.1ms)[0m   [0mSET SQL_AUTO_IS_NULL=0[0m
  [4;36;1mEssay Load (0.1ms)[0m   [0;1mSELECT * FROM `essays` LIMIT 1[0m
  [4;35;1mEssay Columns (1.0ms)[0m   [0mSHOW FIELDS FROM `essays`[0m
  [4;36;1mSQL (4.9ms)[0m   [0;1mSHOW TABLES[0m
  [4;35;1mEssay Load (0.2ms)[0m   [0mSELECT * FROM `essays` LIMIT 1[0m
  [4;36;1mEssay Load (111.5ms)[0m   [0;1mSELECT * FROM `essays` WHERE (`essays`.`id` = 2) [0m
  [4;35;1mEssay Load (0.6ms)[0m   [0mSELECT * FROM `essays` WHERE (`essays`.`id` = 3) [0m
  [4;36;1mSQL (0.1ms)[0m   [0;1mSET NAMES 'utf8'[0m
  [4;35;1mSQL (0.1ms)[0m   [0mSET SQL_AUTO_IS_NULL=0[0m


Processing HomepageController#home (for 127.0.0.1 at 2010-01-09 11:56:13) [GET]
  Parameters: {"action"=>"home", "controller"=>"homepage"}
Rendering template within layouts/application
Rendering homepage/home
  [4;36;1mUser Columns (3.3ms)[0m   [0;1mSHOW FIELDS FROM `users`[0m
Completed in 445ms (View: 344, DB: 96) | 200 OK [http://localhost/]
  [4;35;1mSQL (0.1ms)[0m   [0mSET NAMES 'utf8'[0m
  [4;36;1mSQL (0.1ms)[0m   [0;1mSET SQL_AUTO_IS_NULL=0[0m


Processing EssaysController#index (for 127.0.0.1 at 2010-01-09 11:57:02) [GET]
  Parameters: {"action"=>"index", "controller"=>"essays"}
  [4;35;1mUser Columns (5.2ms)[0m   [0mSHOW FIELDS FROM `users`[0m
Redirected to http://localhost:3000/user_session/new
Filter chain halted as [:require_user] rendered_or_redirected.
Completed in 26ms (DB: 6) | 302 Found [http://localhost/essays]
  [4;36;1mSQL (0.2ms)[0m   [0;1mSET NAMES 'utf8'[0m
  [4;35;1mSQL (0.1ms)[0m   [0mSET SQL_AUTO_IS_NULL=0[0m


Processing UserSessionsController#new (for 127.0.0.1 at 2010-01-09 11:57:03) [GET]
  Parameters: {"action"=>"new", "controller"=>"user_sessions"}
  [4;36;1mUser Columns (3.8ms)[0m   [0;1mSHOW FIELDS FROM `users`[0m
Rendering template within layouts/application
Rendering user_sessions/new
Completed in 47ms (View: 18, DB: 6) | 200 OK [http://localhost/user_session/new]
  [4;35;1mSQL (0.1ms)[0m   [0mSET NAMES 'utf8'[0m
  [4;36;1mSQL (0.1ms)[0m   [0;1mSET SQL_AUTO_IS_NULL=0[0m


Processing UserSessionsController#create (for 127.0.0.1 at 2010-01-09 11:57:10) [POST]
  Parameters: {"commit"=>"Login", "user_session"=>{"remember_me"=>"0", "password"=>"[FILTERED]", "login"=>"wallyqs"}, "action"=>"create", "authenticity_token"=>"UvsH33FSleXDFAqfxVzpUvRwh+96yQWs7ODqwrk58d8=", "controller"=>"user_sessions"}
  [4;35;1mUser Columns (1.5ms)[0m   [0mSHOW FIELDS FROM `users`[0m
  [4;36;1mUser Load (38.5ms)[0m   [0;1mSELECT * FROM `users` WHERE (LOWER(`users`.login) = 'wallyqs') LIMIT 1[0m
  [4;35;1mSQL (0.1ms)[0m   [0mBEGIN[0m
  [4;36;1mUser Update (0.4ms)[0m   [0;1mUPDATE `users` SET `updated_at` = '2010-01-09 17:57:10', `last_login_at` = '2010-01-04 03:29:30', `current_login_at` = '2010-01-09 17:57:10', `login_count` = 5, `last_request_at` = '2010-01-09 17:57:10' WHERE `id` = 1[0m
  [4;35;1mSQL (4.7ms)[0m   [0mCOMMIT[0m
Redirected to http://localhost:3000/essays
Completed in 591ms (DB: 46) | 302 Found [http://localhost/user_session]
  [4;36;1mSQL (0.1ms)[0m   [0;1mSET NAMES 'utf8'[0m
  [4;35;1mSQL (0.1ms)[0m   [0mSET SQL_AUTO_IS_NULL=0[0m


Processing EssaysController#index (for 127.0.0.1 at 2010-01-09 11:57:10) [GET]
  Parameters: {"action"=>"index", "controller"=>"essays"}
  [4;36;1mUser Columns (1.4ms)[0m   [0;1mSHOW FIELDS FROM `users`[0m
  [4;35;1mUser Load (0.7ms)[0m   [0mSELECT * FROM `users` WHERE (`users`.`id` = '1') LIMIT 1[0m
  [4;36;1mSQL (0.3ms)[0m   [0;1mBEGIN[0m
  [4;35;1mUser Update (3.4ms)[0m   [0mUPDATE `users` SET `updated_at` = '2010-01-09 17:57:10', `last_request_at` = '2010-01-09 17:57:10' WHERE `id` = 1[0m
  [4;36;1mSQL (2.0ms)[0m   [0;1mCOMMIT[0m
  [4;35;1mEssay Load (0.5ms)[0m   [0mSELECT * FROM `essays` WHERE (`essays`.`user_id` = 1) [0m
Rendering template within layouts/application
Rendering essays/index
  [4;36;1mEssay Columns (1.3ms)[0m   [0;1mSHOW FIELDS FROM `essays`[0m

ActionView::TemplateError (can't convert nil into String) on line #12 of app/views/essays/index.html.erb:
9:     <tr style="<%= essay.is_private? ? 'color:red; font-weight:bold;' : ''  %>">
10:       <td><%=h essay.title %></td>
11:       <td><%=h essay.content %></td>
12:       <td><%= link_to "Show", '/essays/' + essay.title %>       </td>
13:       <td><%= link_to 'Edit', essay_edit_path(essay.title) %></td>
14:       <!-- <td><%= link_to 'Destroy', essay, :confirm => 'Are you sure?', :method => :delete %></td> -->
15:       <!-- <td><%= link_to 'Destroy', '/essays/' + essay.title, :method => :delete%></td> -->

    app/views/essays/index.html.erb:12:in `+'
    app/views/essays/index.html.erb:12
    app/views/essays/index.html.erb:8:in `each'
    app/views/essays/index.html.erb:8
    rtex (2.1.1) lib/rtex/framework/rails.rb:34:in `render'
    app/controllers/essays_controller.rb:14:in `index'

Rendered rescues/_trace (78.3ms)
Rendered rescues/_request_and_response (21.6ms)
Rendering rescues/layout (internal_server_error)
  [4;35;1mSQL (0.1ms)[0m   [0mSET NAMES 'utf8'[0m
  [4;36;1mSQL (0.1ms)[0m   [0;1mSET SQL_AUTO_IS_NULL=0[0m


Processing EssaysController#index (for 127.0.0.1 at 2010-01-09 11:57:49) [GET]
  Parameters: {"action"=>"index", "controller"=>"essays"}
  [4;35;1mUser Columns (1.5ms)[0m   [0mSHOW FIELDS FROM `users`[0m
  [4;36;1mUser Load (0.2ms)[0m   [0;1mSELECT * FROM `users` WHERE (`users`.`id` = '1') LIMIT 1[0m
  [4;35;1mSQL (0.6ms)[0m   [0mBEGIN[0m
  [4;36;1mUser Update (1.3ms)[0m   [0;1mUPDATE `users` SET `updated_at` = '2010-01-09 17:57:49', `last_request_at` = '2010-01-09 17:57:49' WHERE `id` = 1[0m
  [4;35;1mSQL (27.1ms)[0m   [0mCOMMIT[0m
  [4;36;1mEssay Load (2.7ms)[0m   [0;1mSELECT * FROM `essays` WHERE (`essays`.`user_id` = 1) [0m
Rendering template within layouts/application
Rendering essays/index
  [4;35;1mEssay Columns (1.1ms)[0m   [0mSHOW FIELDS FROM `essays`[0m
Completed in 94ms (View: 13, DB: 38) | 200 OK [http://localhost/essays]
  [4;36;1mSQL (0.1ms)[0m   [0;1mSET NAMES 'utf8'[0m
  [4;35;1mSQL (1.4ms)[0m   [0mSET SQL_AUTO_IS_NULL=0[0m


Processing EssaysController#index (for 127.0.0.1 at 2010-01-09 12:02:01) [GET]
  Parameters: {"action"=>"index", "controller"=>"essays"}
  [4;36;1mUser Columns (3.8ms)[0m   [0;1mSHOW FIELDS FROM `users`[0m
  [4;35;1mUser Load (0.9ms)[0m   [0mSELECT * FROM `users` WHERE (`users`.`id` = '1') LIMIT 1[0m
  [4;36;1mSQL (0.1ms)[0m   [0;1mBEGIN[0m
  [4;35;1mUser Update (0.4ms)[0m   [0mUPDATE `users` SET `updated_at` = '2010-01-09 18:02:01', `last_request_at` = '2010-01-09 18:02:01' WHERE `id` = 1[0m
  [4;36;1mSQL (37.1ms)[0m   [0;1mCOMMIT[0m
  [4;35;1mEssay Load (0.2ms)[0m   [0mSELECT * FROM `essays` WHERE (`essays`.`user_id` = 1) [0m
Rendering template within layouts/application
Rendering essays/index
  [4;36;1mEssay Columns (1.0ms)[0m   [0;1mSHOW FIELDS FROM `essays`[0m
Completed in 103ms (View: 6, DB: 46) | 200 OK [http://localhost/essays]
  [4;35;1mSQL (0.1ms)[0m   [0mSET NAMES 'utf8'[0m
  [4;36;1mSQL (0.1ms)[0m   [0;1mSET SQL_AUTO_IS_NULL=0[0m


Processing EssaysController#show (for 127.0.0.1 at 2010-01-09 12:02:05) [GET]
  Parameters: {"title"=>"nuevo", "action"=>"show", "controller"=>"essays"}
  [4;35;1mUser Columns (1.5ms)[0m   [0mSHOW FIELDS FROM `users`[0m
  [4;36;1mUser Load (0.4ms)[0m   [0;1mSELECT * FROM `users` WHERE (`users`.`id` = '1') LIMIT 1[0m
  [4;35;1mSQL (0.1ms)[0m   [0mBEGIN[0m
  [4;36;1mUser Update (0.3ms)[0m   [0;1mUPDATE `users` SET `updated_at` = '2010-01-09 18:02:05', `last_request_at` = '2010-01-09 18:02:05' WHERE `id` = 1[0m
  [4;35;1mSQL (2.8ms)[0m   [0mCOMMIT[0m
  [4;36;1mEssay Load (21.3ms)[0m   [0;1mSELECT * FROM `essays` WHERE (`essays`.`url_title` IS NULL AND `essays`.`user_id` = 1) LIMIT 1[0m
Rendering template within layouts/application
Rendering essays/show
Completed in 191ms (View: 11, DB: 27) | 200 OK [http://localhost/essays/nuevo]
  [4;35;1mSQL (0.1ms)[0m   [0mSET NAMES 'utf8'[0m
  [4;36;1mSQL (0.1ms)[0m   [0;1mSET SQL_AUTO_IS_NULL=0[0m


Processing EssaysController#show (for 127.0.0.1 at 2010-01-09 12:02:14) [GET]
  Parameters: {"title"=>"nuevo", "action"=>"show", "controller"=>"essays"}
  [4;35;1mUser Columns (4.2ms)[0m   [0mSHOW FIELDS FROM `users`[0m
  [4;36;1mUser Load (0.5ms)[0m   [0;1mSELECT * FROM `users` WHERE (`users`.`id` = '1') LIMIT 1[0m
  [4;35;1mSQL (0.1ms)[0m   [0mBEGIN[0m
  [4;36;1mUser Update (1.3ms)[0m   [0;1mUPDATE `users` SET `updated_at` = '2010-01-09 18:02:14', `last_request_at` = '2010-01-09 18:02:14' WHERE `id` = 1[0m
  [4;35;1mSQL (1.9ms)[0m   [0mCOMMIT[0m
  [4;36;1mEssay Load (0.3ms)[0m   [0;1mSELECT * FROM `essays` WHERE (`essays`.`url_title` IS NULL AND `essays`.`user_id` = 1) LIMIT 1[0m
Rendering template within layouts/application
Rendering essays/show
Completed in 50ms (View: 2, DB: 10) | 200 OK [http://localhost/essays/nuevo]
  [4;35;1mSQL (5.7ms)[0m   [0mSET NAMES 'utf8'[0m
  [4;36;1mSQL (0.1ms)[0m   [0;1mSET SQL_AUTO_IS_NULL=0[0m


Processing EssaysController#index (for 127.0.0.1 at 2010-01-09 12:02:16) [GET]
  Parameters: {"action"=>"index", "controller"=>"essays"}
  [4;35;1mUser Columns (1.5ms)[0m   [0mSHOW FIELDS FROM `users`[0m
  [4;36;1mUser Load (0.4ms)[0m   [0;1mSELECT * FROM `users` WHERE (`users`.`id` = '1') LIMIT 1[0m
  [4;35;1mSQL (0.1ms)[0m   [0mBEGIN[0m
  [4;36;1mUser Update (0.3ms)[0m   [0;1mUPDATE `users` SET `updated_at` = '2010-01-09 18:02:16', `last_request_at` = '2010-01-09 18:02:16' WHERE `id` = 1[0m
  [4;35;1mSQL (2.1ms)[0m   [0mCOMMIT[0m
  [4;36;1mEssay Load (0.2ms)[0m   [0;1mSELECT * FROM `essays` WHERE (`essays`.`user_id` = 1) [0m
Rendering template within layouts/application
Rendering essays/index
  [4;35;1mEssay Columns (2.5ms)[0m   [0mSHOW FIELDS FROM `essays`[0m
Completed in 59ms (View: 6, DB: 13) | 200 OK [http://localhost/essays/]
  [4;36;1mSQL (0.2ms)[0m   [0;1mSET NAMES 'utf8'[0m
  [4;35;1mSQL (0.1ms)[0m   [0mSET SQL_AUTO_IS_NULL=0[0m


Processing EssaysController#edit (for 127.0.0.1 at 2010-01-09 12:02:21) [GET]
  Parameters: {"title"=>"nuevo", "action"=>"edit", "controller"=>"essays"}
  [4;36;1mUser Columns (1.5ms)[0m   [0;1mSHOW FIELDS FROM `users`[0m
  [4;35;1mUser Load (0.4ms)[0m   [0mSELECT * FROM `users` WHERE (`users`.`id` = '1') LIMIT 1[0m
  [4;36;1mSQL (0.1ms)[0m   [0;1mBEGIN[0m
  [4;35;1mUser Update (0.4ms)[0m   [0mUPDATE `users` SET `updated_at` = '2010-01-09 18:02:21', `last_request_at` = '2010-01-09 18:02:21' WHERE `id` = 1[0m
  [4;36;1mSQL (2.2ms)[0m   [0;1mCOMMIT[0m
  [4;35;1mEssay Load (0.1ms)[0m   [0mSELECT * FROM `essays` WHERE (`essays`.`url_title` IS NULL AND `essays`.`user_id` = 1) LIMIT 1[0m
Rendering template within layouts/application
Rendering essays/edit
Completed in 57ms (View: 9, DB: 7) | 200 OK [http://localhost/edit/essays/nuevo]
  [4;36;1mSQL (0.1ms)[0m   [0;1mSET NAMES 'utf8'[0m
  [4;35;1mSQL (1.2ms)[0m   [0mSET SQL_AUTO_IS_NULL=0[0m


Processing ApplicationController#index (for 127.0.0.1 at 2010-01-09 12:02:31) [GET]

ActionController::RoutingError (No route matches "/new/essay" with {:method=>:get}):
  

Rendering rescues/layout (not_found)
  [4;36;1mSQL (0.1ms)[0m   [0;1mSET NAMES 'utf8'[0m
  [4;35;1mSQL (0.1ms)[0m   [0mSET SQL_AUTO_IS_NULL=0[0m


Processing EssaysController#new (for 127.0.0.1 at 2010-01-09 12:02:36) [GET]
  Parameters: {"action"=>"new", "controller"=>"essays"}
  [4;36;1mUser Columns (1.4ms)[0m   [0;1mSHOW FIELDS FROM `users`[0m
  [4;35;1mUser Load (0.7ms)[0m   [0mSELECT * FROM `users` WHERE (`users`.`id` = '1') LIMIT 1[0m
  [4;36;1mSQL (0.1ms)[0m   [0;1mBEGIN[0m
  [4;35;1mUser Update (0.3ms)[0m   [0mUPDATE `users` SET `updated_at` = '2010-01-09 18:02:36', `last_request_at` = '2010-01-09 18:02:36' WHERE `id` = 1[0m
  [4;36;1mSQL (2.0ms)[0m   [0;1mCOMMIT[0m
  [4;35;1mEssay Columns (1.2ms)[0m   [0mSHOW FIELDS FROM `essays`[0m
Rendering template within layouts/application
Rendering essays/new
Completed in 61ms (View: 11, DB: 6) | 200 OK [http://localhost/new/essays]
  [4;36;1mSQL (0.1ms)[0m   [0;1mSET NAMES 'utf8'[0m
  [4;35;1mSQL (0.1ms)[0m   [0mSET SQL_AUTO_IS_NULL=0[0m


Processing EssaysController#create (for 127.0.0.1 at 2010-01-09 12:02:55) [POST]
  Parameters: {"essay"=>{"url_title"=>"renaming", "title"=>"renaming!!!", "content"=>"h1. Rename???"}, "commit"=>"Create", "action"=>"create", "authenticity_token"=>"UvsH33FSleXDFAqfxVzpUvRwh+96yQWs7ODqwrk58d8=", "controller"=>"essays"}
  [4;36;1mUser Columns (1.4ms)[0m   [0;1mSHOW FIELDS FROM `users`[0m
  [4;35;1mUser Load (0.4ms)[0m   [0mSELECT * FROM `users` WHERE (`users`.`id` = '1') LIMIT 1[0m
  [4;36;1mSQL (0.2ms)[0m   [0;1mBEGIN[0m
  [4;35;1mUser Update (0.4ms)[0m   [0mUPDATE `users` SET `updated_at` = '2010-01-09 18:02:55', `last_request_at` = '2010-01-09 18:02:55' WHERE `id` = 1[0m
  [4;36;1mSQL (27.0ms)[0m   [0;1mCOMMIT[0m
  [4;35;1mEssay Columns (4.2ms)[0m   [0mSHOW FIELDS FROM `essays`[0m
  [4;36;1mSQL (0.2ms)[0m   [0;1mBEGIN[0m
  [4;35;1mEssay Create (0.4ms)[0m   [0mINSERT INTO `essays` (`url_title`, `created_at`, `title`, `updated_at`, `is_private`, `user_id`, `content`) VALUES('renaming', '2010-01-09 18:02:55', 'renaming!!!', '2010-01-09 18:02:55', 0, 1, 'h1. Rename???')[0m
  [4;36;1mSQL (0.4ms)[0m   [0;1mCOMMIT[0m
Redirected to http://localhost:3000wallyqs/essays/renaming
Completed in 88ms (DB: 35) | 302 Found [http://localhost/essays]
  [4;35;1mSQL (0.1ms)[0m   [0mSET NAMES 'utf8'[0m
  [4;36;1mSQL (0.1ms)[0m   [0;1mSET SQL_AUTO_IS_NULL=0[0m


Processing EssaysController#show (for 127.0.0.1 at 2010-01-09 12:02:55) [GET]
  Parameters: {"title"=>"renaming", "action"=>"show", "controller"=>"essays"}
  [4;35;1mUser Columns (3.8ms)[0m   [0mSHOW FIELDS FROM `users`[0m
  [4;36;1mUser Load (0.4ms)[0m   [0;1mSELECT * FROM `users` WHERE (`users`.`id` = '1') LIMIT 1[0m
  [4;35;1mSQL (1.2ms)[0m   [0mBEGIN[0m
  [4;36;1mUser Update (0.3ms)[0m   [0;1mUPDATE `users` SET `updated_at` = '2010-01-09 18:02:55', `last_request_at` = '2010-01-09 18:02:55' WHERE `id` = 1[0m
  [4;35;1mSQL (0.4ms)[0m   [0mCOMMIT[0m
  [4;36;1mEssay Load (0.4ms)[0m   [0;1mSELECT * FROM `essays` WHERE (`essays`.`url_title` IS NULL AND `essays`.`user_id` = 1) LIMIT 1[0m
Rendering template within layouts/application
Rendering essays/show
Completed in 49ms (View: 2, DB: 8) | 200 OK [http://localhost/essays/renaming]
  [4;35;1mSQL (0.2ms)[0m   [0mSET NAMES 'utf8'[0m
  [4;36;1mSQL (0.1ms)[0m   [0;1mSET SQL_AUTO_IS_NULL=0[0m


Processing EssaysController#show (for 127.0.0.1 at 2010-01-09 12:04:47) [GET]
  Parameters: {"title"=>"renaming", "action"=>"show", "controller"=>"essays"}
  [4;35;1mUser Columns (14.0ms)[0m   [0mSHOW FIELDS FROM `users`[0m
  [4;36;1mUser Load (0.2ms)[0m   [0;1mSELECT * FROM `users` WHERE (`users`.`id` = '1') LIMIT 1[0m
  [4;35;1mSQL (0.5ms)[0m   [0mBEGIN[0m
  [4;36;1mUser Update (0.4ms)[0m   [0;1mUPDATE `users` SET `updated_at` = '2010-01-09 18:04:47', `last_request_at` = '2010-01-09 18:04:47' WHERE `id` = 1[0m
  [4;35;1mSQL (4.0ms)[0m   [0mCOMMIT[0m
  [4;36;1mEssay Load (0.2ms)[0m   [0;1mSELECT * FROM `essays` WHERE (`essays`.`url_title` IS NULL AND `essays`.`user_id` = 1) LIMIT 1[0m
Rendering template within layouts/application
Rendering essays/show
Completed in 239ms (View: 6, DB: 21) | 200 OK [http://localhost/essays/renaming]
  [4;35;1mSQL (0.1ms)[0m   [0mSET NAMES 'utf8'[0m
  [4;36;1mSQL (0.1ms)[0m   [0;1mSET SQL_AUTO_IS_NULL=0[0m


Processing EssaysController#show (for 127.0.0.1 at 2010-01-09 12:05:58) [GET]
  Parameters: {"title"=>"renaming", "action"=>"show", "controller"=>"essays"}
  [4;35;1mUser Columns (3.3ms)[0m   [0mSHOW FIELDS FROM `users`[0m
  [4;36;1mUser Load (0.5ms)[0m   [0;1mSELECT * FROM `users` WHERE (`users`.`id` = '1') LIMIT 1[0m
  [4;35;1mSQL (0.1ms)[0m   [0mBEGIN[0m
  [4;36;1mUser Update (0.4ms)[0m   [0;1mUPDATE `users` SET `updated_at` = '2010-01-09 18:05:58', `last_request_at` = '2010-01-09 18:05:58' WHERE `id` = 1[0m
  [4;35;1mSQL (2.7ms)[0m   [0mCOMMIT[0m
  [4;36;1mEssay Load (0.1ms)[0m   [0;1mSELECT * FROM `essays` WHERE (`essays`.`url_title` IS NULL AND `essays`.`user_id` = 1) LIMIT 1[0m
Rendering template within layouts/application
Rendering essays/show
Completed in 60ms (View: 2, DB: 8) | 200 OK [http://localhost/essays/renaming]
  [4;35;1mSQL (0.1ms)[0m   [0mSET NAMES 'utf8'[0m
  [4;36;1mSQL (0.1ms)[0m   [0;1mSET SQL_AUTO_IS_NULL=0[0m


Processing EssaysController#hexagon_show (for 127.0.0.1 at 2010-01-09 12:06:02) [GET]
  Parameters: {"title"=>"renaming", "action"=>"hexagon_show", "username"=>"wallyqs", "controller"=>"essays"}
  [4;35;1mUser Columns (7.9ms)[0m   [0mSHOW FIELDS FROM `users`[0m
  [4;36;1mUser Load (1.1ms)[0m   [0;1mSELECT * FROM `users` WHERE (`users`.`login` = 'wallyqs') LIMIT 1[0m
  [4;35;1mEssay Load (0.0ms)[0m   [0mMysql::Error: Unknown column 'essays.url_url_title' in 'where clause': SELECT * FROM `essays` WHERE (`essays`.`url_url_title` IS NULL AND `essays`.`user_id` = 1) LIMIT 1[0m

ActiveRecord::StatementInvalid (Mysql::Error: Unknown column 'essays.url_url_title' in 'where clause': SELECT * FROM `essays` WHERE (`essays`.`url_url_title` IS NULL AND `essays`.`user_id` = 1)  LIMIT 1):
  app/controllers/essays_controller.rb:53:in `hexagon_show'

Rendered rescues/_trace (63.9ms)
Rendered rescues/_request_and_response (0.5ms)
Rendering rescues/layout (internal_server_error)
  [4;36;1mSQL (2.4ms)[0m   [0;1mSET NAMES 'utf8'[0m
  [4;35;1mSQL (0.2ms)[0m   [0mSET SQL_AUTO_IS_NULL=0[0m


Processing EssaysController#hexagon_show (for 127.0.0.1 at 2010-01-09 12:06:42) [GET]
  Parameters: {"title"=>"renaming", "action"=>"hexagon_show", "username"=>"wallyqs", "controller"=>"essays"}
  [4;36;1mUser Columns (9.8ms)[0m   [0;1mSHOW FIELDS FROM `users`[0m
  [4;35;1mUser Load (2.0ms)[0m   [0mSELECT * FROM `users` WHERE (`users`.`login` = 'wallyqs') LIMIT 1[0m
  [4;36;1mEssay Load (0.2ms)[0m   [0;1mSELECT * FROM `essays` WHERE (`essays`.`url_title` IS NULL AND `essays`.`user_id` = 1) LIMIT 1[0m
Rendering template within layouts/application
Rendering essays/hexagon_show

ActionView::TemplateError (You have a nil object when you didn't expect it!
The error occurred while evaluating nil.is_private) on line #3 of app/views/essays/hexagon_show.html.erb:
1: <h4> <%=h @username %></h4>
2: 
3: <% unless @essay.is_private -%>
4: 
5:   <div style="font-weight:bold; font-size:30px ">
6:     <%= (!@essay.nil? and !@essay.title.nil?) ? @essay.title.capitalize : "Untitled" %>

    app/views/essays/hexagon_show.html.erb:3
    rtex (2.1.1) lib/rtex/framework/rails.rb:34:in `render'
    app/controllers/essays_controller.rb:58:in `hexagon_show'

Rendered rescues/_trace (75.6ms)
Rendered rescues/_request_and_response (0.5ms)
Rendering rescues/layout (internal_server_error)
  [4;36;1mSQL (0.1ms)[0m   [0;1mSET NAMES 'utf8'[0m
  [4;35;1mSQL (0.1ms)[0m   [0mSET SQL_AUTO_IS_NULL=0[0m
  [4;36;1mEssay Load (3.8ms)[0m   [0;1mSELECT * FROM `essays` ORDER BY essays.id DESC LIMIT 1[0m
  [4;35;1mEssay Columns (1.1ms)[0m   [0mSHOW FIELDS FROM `essays`[0m
  [4;36;1mEssay Load (0.2ms)[0m   [0;1mSELECT * FROM `essays` ORDER BY essays.id DESC LIMIT 1[0m
  [4;35;1mSQL (0.2ms)[0m   [0mSET NAMES 'utf8'[0m
  [4;36;1mSQL (0.1ms)[0m   [0;1mSET SQL_AUTO_IS_NULL=0[0m


Processing EssaysController#hexagon_index (for 127.0.0.1 at 2010-01-09 12:08:51) [GET]
  Parameters: {"action"=>"hexagon_index", "username"=>"wallyqs", "controller"=>"essays"}
  [4;35;1mUser Columns (1.4ms)[0m   [0mSHOW FIELDS FROM `users`[0m
  [4;36;1mUser Load (0.2ms)[0m   [0;1mSELECT * FROM `users` WHERE (`users`.`login` = 'wallyqs') LIMIT 1[0m
  [4;35;1mEssay Load (1.5ms)[0m   [0mSELECT * FROM `essays` WHERE (`essays`.`user_id` = 1) [0m
Rendering template within layouts/application
Rendering essays/hexagon_index
  [4;36;1mEssay Columns (1.2ms)[0m   [0;1mSHOW FIELDS FROM `essays`[0m
  [4;35;1mUser Load (1.0ms)[0m   [0mSELECT * FROM `users` WHERE (`users`.`id` = '1') LIMIT 1[0m
  [4;36;1mSQL (0.1ms)[0m   [0;1mBEGIN[0m
  [4;35;1mUser Update (1.2ms)[0m   [0mUPDATE `users` SET `updated_at` = '2010-01-09 18:08:51', `last_request_at` = '2010-01-09 18:08:51' WHERE `id` = 1[0m
  [4;36;1mSQL (3.2ms)[0m   [0;1mCOMMIT[0m
Completed in 61ms (View: 26, DB: 11) | 200 OK [http://localhost/wallyqs/essays/]
  [4;35;1mSQL (1.3ms)[0m   [0mSET NAMES 'utf8'[0m
  [4;36;1mSQL (0.1ms)[0m   [0;1mSET SQL_AUTO_IS_NULL=0[0m


Processing EssaysController#hexagon_show (for 127.0.0.1 at 2010-01-09 12:08:55) [GET]
  Parameters: {"title"=>"renaming", "action"=>"hexagon_show", "username"=>"wallyqs", "controller"=>"essays"}
  [4;35;1mUser Columns (1.5ms)[0m   [0mSHOW FIELDS FROM `users`[0m
  [4;36;1mUser Load (0.5ms)[0m   [0;1mSELECT * FROM `users` WHERE (`users`.`login` = 'wallyqs') LIMIT 1[0m
  [4;35;1mEssay Load (0.2ms)[0m   [0mSELECT * FROM `essays` WHERE (`essays`.`url_title` IS NULL AND `essays`.`user_id` = 1) LIMIT 1[0m
Rendering template within layouts/application
Rendering essays/hexagon_show

ActionView::TemplateError (You have a nil object when you didn't expect it!
The error occurred while evaluating nil.is_private) on line #3 of app/views/essays/hexagon_show.html.erb:
1: <h4> <%=h @username %></h4>
2: 
3: <% unless @essay.is_private -%>
4: 
5:   <div style="font-weight:bold; font-size:30px ">
6:     <%= (!@essay.nil? and !@essay.title.nil?) ? @essay.title.capitalize : "Untitled" %>

    app/views/essays/hexagon_show.html.erb:3
    rtex (2.1.1) lib/rtex/framework/rails.rb:34:in `render'
    app/controllers/essays_controller.rb:58:in `hexagon_show'

Rendered rescues/_trace (185.4ms)
Rendered rescues/_request_and_response (0.5ms)
Rendering rescues/layout (internal_server_error)
  [4;36;1mSQL (0.1ms)[0m   [0;1mSET NAMES 'utf8'[0m
  [4;35;1mSQL (0.1ms)[0m   [0mSET SQL_AUTO_IS_NULL=0[0m


Processing EssaysController#show (for 127.0.0.1 at 2010-01-09 12:10:40) [GET]
  Parameters: {"title"=>"renaming", "action"=>"show", "controller"=>"essays"}
  [4;36;1mUser Columns (2.1ms)[0m   [0;1mSHOW FIELDS FROM `users`[0m
  [4;35;1mUser Load (0.7ms)[0m   [0mSELECT * FROM `users` WHERE (`users`.`id` = '1') LIMIT 1[0m
  [4;36;1mSQL (0.1ms)[0m   [0;1mBEGIN[0m
  [4;35;1mUser Update (0.5ms)[0m   [0mUPDATE `users` SET `updated_at` = '2010-01-09 18:10:40', `last_request_at` = '2010-01-09 18:10:40' WHERE `id` = 1[0m
  [4;36;1mSQL (24.7ms)[0m   [0;1mCOMMIT[0m
  [4;35;1mEssay Load (1.5ms)[0m   [0mSELECT * FROM `essays` WHERE (`essays`.`url_title` IS NULL AND `essays`.`user_id` = 1) LIMIT 1[0m
Rendering template within layouts/application
Rendering essays/show
Completed in 73ms (View: 2, DB: 30) | 200 OK [http://localhost/essays/renaming]
  [4;36;1mSQL (0.1ms)[0m   [0;1mSET NAMES 'utf8'[0m
  [4;35;1mSQL (0.1ms)[0m   [0mSET SQL_AUTO_IS_NULL=0[0m


Processing EssaysController#show (for 127.0.0.1 at 2010-01-09 12:10:43) [GET]
  Parameters: {"title"=>"renaming", "action"=>"show", "controller"=>"essays"}
  [4;36;1mUser Columns (1.5ms)[0m   [0;1mSHOW FIELDS FROM `users`[0m
  [4;35;1mUser Load (0.4ms)[0m   [0mSELECT * FROM `users` WHERE (`users`.`id` = '1') LIMIT 1[0m
  [4;36;1mSQL (0.1ms)[0m   [0;1mBEGIN[0m
  [4;35;1mUser Update (0.4ms)[0m   [0mUPDATE `users` SET `updated_at` = '2010-01-09 18:10:43', `last_request_at` = '2010-01-09 18:10:43' WHERE `id` = 1[0m
  [4;36;1mSQL (2.0ms)[0m   [0;1mCOMMIT[0m
  [4;35;1mEssay Load (0.2ms)[0m   [0mSELECT * FROM `essays` WHERE (`essays`.`url_title` IS NULL AND `essays`.`user_id` = 1) LIMIT 1[0m
Rendering template within layouts/application
Rendering essays/show
Completed in 47ms (View: 2, DB: 6) | 200 OK [http://localhost/essays/renaming]
  [4;36;1mSQL (0.1ms)[0m   [0;1mSET NAMES 'utf8'[0m
  [4;35;1mSQL (0.2ms)[0m   [0mSET SQL_AUTO_IS_NULL=0[0m


Processing EssaysController#hexagon_index (for 127.0.0.1 at 2010-01-09 12:12:24) [GET]
  Parameters: {"action"=>"hexagon_index", "username"=>"wallyqs", "controller"=>"essays"}
  [4;36;1mUser Columns (1.4ms)[0m   [0;1mSHOW FIELDS FROM `users`[0m
  [4;35;1mUser Load (0.5ms)[0m   [0mSELECT * FROM `users` WHERE (`users`.`login` = 'wallyqs') LIMIT 1[0m
  [4;36;1mEssay Load (1.5ms)[0m   [0;1mSELECT * FROM `essays` WHERE (`essays`.`user_id` = 1) [0m
Rendering template within layouts/application
Rendering essays/hexagon_index
  [4;35;1mEssay Columns (1.8ms)[0m   [0mSHOW FIELDS FROM `essays`[0m
Completed in 45ms (View: 14, DB: 6) | 200 OK [http://localhost/wallyqs/essays/]
  [4;36;1mSQL (46.6ms)[0m   [0;1mSET NAMES 'utf8'[0m
  [4;35;1mSQL (0.1ms)[0m   [0mSET SQL_AUTO_IS_NULL=0[0m


Processing HomepageController#home (for 127.0.0.1 at 2010-01-09 12:17:56) [GET]
  Parameters: {"action"=>"home", "controller"=>"homepage"}
Rendering template within layouts/application
Rendering homepage/home
  [4;36;1mUser Columns (211.4ms)[0m   [0;1mSHOW FIELDS FROM `users`[0m
Completed in 571ms (View: 354, DB: 259) | 200 OK [http://localhost/]
  [4;35;1mSQL (0.1ms)[0m   [0mSET NAMES 'utf8'[0m
  [4;36;1mSQL (0.1ms)[0m   [0;1mSET SQL_AUTO_IS_NULL=0[0m


Processing EssaysController#index (for 127.0.0.1 at 2010-01-09 12:17:59) [GET]
  Parameters: {"action"=>"index", "controller"=>"essays"}
  [4;35;1mUser Columns (1.6ms)[0m   [0mSHOW FIELDS FROM `users`[0m
Redirected to http://localhost:3000/user_session/new
Filter chain halted as [:require_user] rendered_or_redirected.
Completed in 23ms (DB: 2) | 302 Found [http://localhost/essays]
  [4;36;1mSQL (0.1ms)[0m   [0;1mSET NAMES 'utf8'[0m
  [4;35;1mSQL (0.1ms)[0m   [0mSET SQL_AUTO_IS_NULL=0[0m


Processing UserSessionsController#new (for 127.0.0.1 at 2010-01-09 12:17:59) [GET]
  Parameters: {"action"=>"new", "controller"=>"user_sessions"}
  [4;36;1mUser Columns (1.6ms)[0m   [0;1mSHOW FIELDS FROM `users`[0m
Rendering template within layouts/application
Rendering user_sessions/new
Completed in 103ms (View: 77, DB: 2) | 200 OK [http://localhost/user_session/new]
  [4;35;1mSQL (0.1ms)[0m   [0mSET NAMES 'utf8'[0m
  [4;36;1mSQL (3.3ms)[0m   [0;1mSET SQL_AUTO_IS_NULL=0[0m


Processing UserSessionsController#new (for 127.0.0.1 at 2010-01-09 12:18:19) [GET]
  Parameters: {"action"=>"new", "controller"=>"user_sessions"}
  [4;35;1mUser Columns (5.3ms)[0m   [0mSHOW FIELDS FROM `users`[0m
Rendering template within layouts/application
Rendering user_sessions/new
Completed in 74ms (View: 4, DB: 19) | 200 OK [http://localhost/user_session/new]
  [4;36;1mSQL (3.0ms)[0m   [0;1mSET NAMES 'utf8'[0m
  [4;35;1mSQL (0.1ms)[0m   [0mSET SQL_AUTO_IS_NULL=0[0m


Processing EssaysController#hexagon_index (for 127.0.0.1 at 2010-01-09 12:18:42) [GET]
  Parameters: {"action"=>"hexagon_index", "username"=>"wallyqs", "controller"=>"essays"}
  [4;36;1mUser Columns (4.8ms)[0m   [0;1mSHOW FIELDS FROM `users`[0m
  [4;35;1mUser Load (0.2ms)[0m   [0mSELECT * FROM `users` WHERE (`users`.`login` = 'wallyqs') LIMIT 1[0m
  [4;36;1mEssay Load (0.2ms)[0m   [0;1mSELECT * FROM `essays` WHERE (`essays`.`user_id` = 1) [0m
Rendering template within layouts/application
Rendering essays/hexagon_index
  [4;35;1mEssay Columns (43.6ms)[0m   [0mSHOW FIELDS FROM `essays`[0m
Completed in 109ms (View: 18, DB: 52) | 200 OK [http://localhost/wallyqs/essays/]
  [4;36;1mSQL (0.1ms)[0m   [0;1mSET NAMES 'utf8'[0m
  [4;35;1mSQL (0.2ms)[0m   [0mSET SQL_AUTO_IS_NULL=0[0m


Processing EssaysController#hexagon_index (for 127.0.0.1 at 2010-01-09 12:37:20) [GET]
  Parameters: {"action"=>"hexagon_index", "username"=>"wallyqs", "controller"=>"essays"}
  [4;36;1mUser Columns (1.6ms)[0m   [0;1mSHOW FIELDS FROM `users`[0m
  [4;35;1mUser Load (0.2ms)[0m   [0mSELECT * FROM `users` WHERE (`users`.`login` = 'wallyqs') LIMIT 1[0m
  [4;36;1mEssay Load (0.1ms)[0m   [0;1mSELECT * FROM `essays` WHERE (`essays`.`user_id` = 1) [0m
Rendering template within layouts/application
Rendering essays/hexagon_index
  [4;35;1mEssay Columns (1.5ms)[0m   [0mSHOW FIELDS FROM `essays`[0m
Completed in 44ms (View: 13, DB: 4) | 200 OK [http://localhost/wallyqs/essays/]
  [4;36;1mSQL (0.7ms)[0m   [0;1mSET NAMES 'utf8'[0m
  [4;35;1mSQL (0.1ms)[0m   [0mSET SQL_AUTO_IS_NULL=0[0m


Processing EssaysController#hexagon_index (for 127.0.0.1 at 2010-01-09 12:46:13) [GET]
  Parameters: {"action"=>"hexagon_index", "username"=>"wallyqs", "controller"=>"essays"}
  [4;36;1mUser Columns (2.0ms)[0m   [0;1mSHOW FIELDS FROM `users`[0m
  [4;35;1mUser Load (0.2ms)[0m   [0mSELECT * FROM `users` WHERE (`users`.`login` = 'wallyqs') LIMIT 1[0m
  [4;36;1mEssay Load (1.1ms)[0m   [0;1mSELECT * FROM `essays` WHERE (`essays`.`user_id` = 1) [0m
Rendering template within layouts/application
Rendering essays/hexagon_index
  [4;35;1mEssay Columns (1.5ms)[0m   [0mSHOW FIELDS FROM `essays`[0m
Completed in 51ms (View: 16, DB: 6) | 200 OK [http://localhost/wallyqs/essays/]
  [4;36;1mSQL (0.1ms)[0m   [0;1mSET NAMES 'utf8'[0m
  [4;35;1mSQL (0.2ms)[0m   [0mSET SQL_AUTO_IS_NULL=0[0m


Processing EssaysController#hexagon_show (for 127.0.0.1 at 2010-01-09 12:48:49) [GET]
  Parameters: {"title"=>"renaming", "action"=>"hexagon_show", "username"=>"wallyqs", "controller"=>"essays"}
  [4;36;1mUser Columns (2.0ms)[0m   [0;1mSHOW FIELDS FROM `users`[0m
  [4;35;1mUser Load (0.2ms)[0m   [0mSELECT * FROM `users` WHERE (`users`.`login` = 'wallyqs') LIMIT 1[0m
  [4;36;1mEssay Load (1.5ms)[0m   [0;1mSELECT * FROM `essays` WHERE (`essays`.`url_title` IS NULL AND `essays`.`user_id` = 1) LIMIT 1[0m
Rendering template within layouts/application
Rendering essays/hexagon_show

ActionView::TemplateError (You have a nil object when you didn't expect it!
The error occurred while evaluating nil.is_private) on line #3 of app/views/essays/hexagon_show.html.erb:
1: <h4> <%=h @username %></h4>
2: 
3: <% unless @essay.is_private -%>
4: 
5:   <div style="font-weight:bold; font-size:30px ">
6:     <%= (!@essay.nil? and !@essay.title.nil?) ? @essay.title.capitalize : "Untitled" %>

    app/views/essays/hexagon_show.html.erb:3
    rtex (2.1.1) lib/rtex/framework/rails.rb:34:in `render'
    app/controllers/essays_controller.rb:58:in `hexagon_show'

Rendered rescues/_trace (70.3ms)
Rendered rescues/_request_and_response (120.8ms)
Rendering rescues/layout (internal_server_error)
  [4;35;1mSQL (0.1ms)[0m   [0mSET NAMES 'utf8'[0m
  [4;36;1mSQL (0.1ms)[0m   [0;1mSET SQL_AUTO_IS_NULL=0[0m


Processing EssaysController#show (for 127.0.0.1 at 2010-01-09 12:48:54) [GET]
  Parameters: {"title"=>"renaming", "action"=>"show", "controller"=>"essays"}
  [4;35;1mUser Columns (1.7ms)[0m   [0mSHOW FIELDS FROM `users`[0m
Redirected to http://localhost:3000/user_session/new
Filter chain halted as [:require_user] rendered_or_redirected.
Completed in 27ms (DB: 2) | 302 Found [http://localhost/essays/renaming]
  [4;36;1mSQL (0.1ms)[0m   [0;1mSET NAMES 'utf8'[0m
  [4;35;1mSQL (0.1ms)[0m   [0mSET SQL_AUTO_IS_NULL=0[0m


Processing UserSessionsController#new (for 127.0.0.1 at 2010-01-09 12:48:54) [GET]
  Parameters: {"action"=>"new", "controller"=>"user_sessions"}
  [4;36;1mUser Columns (1.8ms)[0m   [0;1mSHOW FIELDS FROM `users`[0m
Rendering template within layouts/application
Rendering user_sessions/new
Completed in 31ms (View: 4, DB: 2) | 200 OK [http://localhost/user_session/new]
  [4;35;1mSQL (0.1ms)[0m   [0mSET NAMES 'utf8'[0m
  [4;36;1mSQL (0.1ms)[0m   [0;1mSET SQL_AUTO_IS_NULL=0[0m


Processing UserSessionsController#create (for 127.0.0.1 at 2010-01-09 12:49:03) [POST]
  Parameters: {"commit"=>"Login", "user_session"=>{"remember_me"=>"0", "password"=>"[FILTERED]", "login"=>"wallyqs"}, "action"=>"create", "authenticity_token"=>"Lo3clVeXyWiMHtZq2KZdfhxKQ79nTobir0sUwOSpngQ=", "controller"=>"user_sessions"}
  [4;35;1mUser Columns (1.9ms)[0m   [0mSHOW FIELDS FROM `users`[0m
  [4;36;1mUser Load (53.1ms)[0m   [0;1mSELECT * FROM `users` WHERE (LOWER(`users`.login) = 'wallyqs') LIMIT 1[0m
  [4;35;1mSQL (0.1ms)[0m   [0mBEGIN[0m
  [4;36;1mUser Update (26.3ms)[0m   [0;1mUPDATE `users` SET `updated_at` = '2010-01-09 18:49:03', `last_login_at` = '2010-01-09 17:57:10', `current_login_at` = '2010-01-09 18:49:03', `login_count` = 6, `last_request_at` = '2010-01-09 18:49:03' WHERE `id` = 1[0m
  [4;35;1mSQL (19.4ms)[0m   [0mCOMMIT[0m
Redirected to http://localhost:3000/essays/renaming
Completed in 149ms (DB: 101) | 302 Found [http://localhost/user_session]
  [4;36;1mSQL (0.1ms)[0m   [0;1mSET NAMES 'utf8'[0m
  [4;35;1mSQL (8.8ms)[0m   [0mSET SQL_AUTO_IS_NULL=0[0m


Processing EssaysController#show (for 127.0.0.1 at 2010-01-09 12:49:03) [GET]
  Parameters: {"title"=>"renaming", "action"=>"show", "controller"=>"essays"}
  [4;36;1mUser Columns (1.6ms)[0m   [0;1mSHOW FIELDS FROM `users`[0m
  [4;35;1mUser Load (0.5ms)[0m   [0mSELECT * FROM `users` WHERE (`users`.`id` = '1') LIMIT 1[0m
  [4;36;1mSQL (0.3ms)[0m   [0;1mBEGIN[0m
  [4;35;1mUser Update (0.6ms)[0m   [0mUPDATE `users` SET `updated_at` = '2010-01-09 18:49:03', `last_request_at` = '2010-01-09 18:49:03' WHERE `id` = 1[0m
  [4;36;1mSQL (0.7ms)[0m   [0;1mCOMMIT[0m
  [4;35;1mEssay Load (0.2ms)[0m   [0mSELECT * FROM `essays` WHERE (`essays`.`url_title` IS NULL AND `essays`.`user_id` = 1) LIMIT 1[0m
Rendering template within layouts/application
Rendering essays/show
Completed in 49ms (View: 2, DB: 13) | 200 OK [http://localhost/essays/renaming]
  [4;36;1mSQL (9.9ms)[0m   [0;1mSET NAMES 'utf8'[0m
  [4;35;1mSQL (0.2ms)[0m   [0mSET SQL_AUTO_IS_NULL=0[0m


Processing EssaysController#show to xml (for 127.0.0.1 at 2010-01-09 12:49:08) [GET]
  Parameters: {"format"=>"xml", "title"=>"renaming", "action"=>"show", "controller"=>"essays"}
  [4;36;1mUser Columns (1.6ms)[0m   [0;1mSHOW FIELDS FROM `users`[0m
  [4;35;1mUser Load (0.2ms)[0m   [0mSELECT * FROM `users` WHERE (`users`.`id` = '1') LIMIT 1[0m
  [4;36;1mSQL (0.1ms)[0m   [0;1mBEGIN[0m
  [4;35;1mUser Update (1.1ms)[0m   [0mUPDATE `users` SET `updated_at` = '2010-01-09 18:49:08', `last_request_at` = '2010-01-09 18:49:08' WHERE `id` = 1[0m
  [4;36;1mSQL (2.0ms)[0m   [0;1mCOMMIT[0m
  [4;35;1mEssay Load (0.2ms)[0m   [0mSELECT * FROM `essays` WHERE (`essays`.`url_title` IS NULL AND `essays`.`user_id` = 1) LIMIT 1[0m

ActionView::MissingTemplate (Missing template essays/show.erb in view path app/views):
  rtex (2.1.1) lib/rtex/framework/rails.rb:34:in `render'
  app/controllers/essays_controller.rb:44:in `show'
  app/controllers/essays_controller.rb:42:in `show'

Rendering rescues/layout (internal_server_error)
  [4;36;1mSQL (0.1ms)[0m   [0;1mSET NAMES 'utf8'[0m
  [4;35;1mSQL (0.1ms)[0m   [0mSET SQL_AUTO_IS_NULL=0[0m


Processing EssaysController#show (for 127.0.0.1 at 2010-01-09 12:49:19) [GET]
  Parameters: {"title"=>"renaming", "action"=>"show", "controller"=>"essays"}
  [4;36;1mUser Columns (1.8ms)[0m   [0;1mSHOW FIELDS FROM `users`[0m
  [4;35;1mUser Load (0.6ms)[0m   [0mSELECT * FROM `users` WHERE (`users`.`id` = '1') LIMIT 1[0m
  [4;36;1mSQL (0.2ms)[0m   [0;1mBEGIN[0m
  [4;35;1mUser Update (0.5ms)[0m   [0mUPDATE `users` SET `updated_at` = '2010-01-09 18:49:19', `last_request_at` = '2010-01-09 18:49:19' WHERE `id` = 1[0m
  [4;36;1mSQL (1.7ms)[0m   [0;1mCOMMIT[0m
  [4;35;1mEssay Load (0.2ms)[0m   [0mSELECT * FROM `essays` WHERE (`essays`.`url_title` IS NULL AND `essays`.`user_id` = 1) LIMIT 1[0m
Rendering template within layouts/application
Rendering essays/show
Completed in 51ms (View: 2, DB: 6) | 200 OK [http://localhost/essays/renaming]
  [4;36;1mSQL (0.1ms)[0m   [0;1mSET NAMES 'utf8'[0m
  [4;35;1mSQL (0.1ms)[0m   [0mSET SQL_AUTO_IS_NULL=0[0m


Processing EssaysController#show (for 127.0.0.1 at 2010-01-09 12:49:28) [GET]
  Parameters: {"title"=>"renaming", "action"=>"show", "controller"=>"essays"}
  [4;36;1mUser Columns (1.7ms)[0m   [0;1mSHOW FIELDS FROM `users`[0m
  [4;35;1mUser Load (0.5ms)[0m   [0mSELECT * FROM `users` WHERE (`users`.`id` = '1') LIMIT 1[0m
  [4;36;1mSQL (0.1ms)[0m   [0;1mBEGIN[0m
  [4;35;1mUser Update (0.3ms)[0m   [0mUPDATE `users` SET `updated_at` = '2010-01-09 18:49:28', `last_request_at` = '2010-01-09 18:49:28' WHERE `id` = 1[0m
  [4;36;1mSQL (9.9ms)[0m   [0;1mCOMMIT[0m
  [4;35;1mEssay Load (0.1ms)[0m   [0mSELECT * FROM `essays` WHERE (`essays`.`url_title` IS NULL AND `essays`.`user_id` = 1) LIMIT 1[0m
Rendering template within layouts/application
Rendering essays/show
Completed in 53ms (View: 2, DB: 13) | 200 OK [http://localhost/essays/renaming]
  [4;36;1mSQL (0.2ms)[0m   [0;1mSET NAMES 'utf8'[0m
  [4;35;1mSQL (5.2ms)[0m   [0mSET SQL_AUTO_IS_NULL=0[0m


Processing EssaysController#index (for 127.0.0.1 at 2010-01-09 12:49:33) [GET]
  Parameters: {"action"=>"index", "controller"=>"essays"}
  [4;36;1mUser Columns (1.7ms)[0m   [0;1mSHOW FIELDS FROM `users`[0m
  [4;35;1mUser Load (0.6ms)[0m   [0mSELECT * FROM `users` WHERE (`users`.`id` = '1') LIMIT 1[0m
  [4;36;1mSQL (0.2ms)[0m   [0;1mBEGIN[0m
  [4;35;1mUser Update (2.1ms)[0m   [0mUPDATE `users` SET `updated_at` = '2010-01-09 18:49:33', `last_request_at` = '2010-01-09 18:49:33' WHERE `id` = 1[0m
  [4;36;1mSQL (3.4ms)[0m   [0;1mCOMMIT[0m
  [4;35;1mEssay Load (0.3ms)[0m   [0mSELECT * FROM `essays` WHERE (`essays`.`user_id` = 1) [0m
Rendering template within layouts/application
Rendering essays/index
  [4;36;1mEssay Columns (1.3ms)[0m   [0;1mSHOW FIELDS FROM `essays`[0m
Completed in 57ms (View: 7, DB: 15) | 200 OK [http://localhost/essays/]
  [4;35;1mSQL (0.1ms)[0m   [0mSET NAMES 'utf8'[0m
  [4;36;1mSQL (0.1ms)[0m   [0;1mSET SQL_AUTO_IS_NULL=0[0m


Processing EssaysController#show (for 127.0.0.1 at 2010-01-09 12:49:40) [GET]
  Parameters: {"title"=>"renaming", "action"=>"show", "controller"=>"essays"}
  [4;35;1mUser Columns (1.7ms)[0m   [0mSHOW FIELDS FROM `users`[0m
  [4;36;1mUser Load (0.5ms)[0m   [0;1mSELECT * FROM `users` WHERE (`users`.`id` = '1') LIMIT 1[0m
  [4;35;1mSQL (0.7ms)[0m   [0mBEGIN[0m
  [4;36;1mUser Update (0.4ms)[0m   [0;1mUPDATE `users` SET `updated_at` = '2010-01-09 18:49:41', `last_request_at` = '2010-01-09 18:49:41' WHERE `id` = 1[0m
  [4;35;1mSQL (2.7ms)[0m   [0mCOMMIT[0m
  [4;36;1mEssay Load (0.2ms)[0m   [0;1mSELECT * FROM `essays` WHERE (`essays`.`url_title` IS NULL AND `essays`.`user_id` = 1) LIMIT 1[0m
Rendering template within layouts/application
Rendering essays/show
Completed in 156ms (View: 2, DB: 7) | 200 OK [http://localhost/essays/renaming]
  [4;35;1mSQL (0.1ms)[0m   [0mSET NAMES 'utf8'[0m
  [4;36;1mSQL (0.1ms)[0m   [0;1mSET SQL_AUTO_IS_NULL=0[0m


Processing HomepageController#home (for 127.0.0.1 at 2010-01-09 12:49:50) [GET]
  Parameters: {"action"=>"home", "controller"=>"homepage"}
Rendering template within layouts/application
Rendering homepage/home
  [4;35;1mUser Columns (2.2ms)[0m   [0mSHOW FIELDS FROM `users`[0m
  [4;36;1mUser Load (0.6ms)[0m   [0;1mSELECT * FROM `users` WHERE (`users`.`id` = '1') LIMIT 1[0m
  [4;35;1mSQL (0.1ms)[0m   [0mBEGIN[0m
  [4;36;1mUser Update (0.3ms)[0m   [0;1mUPDATE `users` SET `updated_at` = '2010-01-09 18:49:50', `last_request_at` = '2010-01-09 18:49:50' WHERE `id` = 1[0m
  [4;35;1mSQL (11.3ms)[0m   [0mCOMMIT[0m
Completed in 67ms (View: 47, DB: 15) | 200 OK [http://localhost/]
  [4;36;1mSQL (0.1ms)[0m   [0;1mSET NAMES 'utf8'[0m
  [4;35;1mSQL (3.6ms)[0m   [0mSET SQL_AUTO_IS_NULL=0[0m


Processing EssaysController#index (for 127.0.0.1 at 2010-01-09 12:49:52) [GET]
  Parameters: {"action"=>"index", "controller"=>"essays"}
  [4;36;1mUser Columns (1.7ms)[0m   [0;1mSHOW FIELDS FROM `users`[0m
  [4;35;1mUser Load (0.5ms)[0m   [0mSELECT * FROM `users` WHERE (`users`.`id` = '1') LIMIT 1[0m
  [4;36;1mSQL (4.6ms)[0m   [0;1mBEGIN[0m
  [4;35;1mUser Update (2.8ms)[0m   [0mUPDATE `users` SET `updated_at` = '2010-01-09 18:49:52', `last_request_at` = '2010-01-09 18:49:52' WHERE `id` = 1[0m
  [4;36;1mSQL (10.0ms)[0m   [0;1mCOMMIT[0m
  [4;35;1mEssay Load (0.2ms)[0m   [0mSELECT * FROM `essays` WHERE (`essays`.`user_id` = 1) [0m
Rendering template within layouts/application
Rendering essays/index
  [4;36;1mEssay Columns (1.5ms)[0m   [0;1mSHOW FIELDS FROM `essays`[0m
Completed in 74ms (View: 8, DB: 29) | 200 OK [http://localhost/essays]
  [4;35;1mSQL (0.1ms)[0m   [0mSET NAMES 'utf8'[0m
  [4;36;1mSQL (0.1ms)[0m   [0;1mSET SQL_AUTO_IS_NULL=0[0m


Processing EssaysController#index (for 127.0.0.1 at 2010-01-09 12:50:04) [GET]
  Parameters: {"action"=>"index", "controller"=>"essays"}
  [4;35;1mUser Columns (1.5ms)[0m   [0mSHOW FIELDS FROM `users`[0m
  [4;36;1mUser Load (9.1ms)[0m   [0;1mSELECT * FROM `users` WHERE (`users`.`id` = '1') LIMIT 1[0m
  [4;35;1mSQL (0.1ms)[0m   [0mBEGIN[0m
  [4;36;1mUser Update (0.4ms)[0m   [0;1mUPDATE `users` SET `updated_at` = '2010-01-09 18:50:04', `last_request_at` = '2010-01-09 18:50:04' WHERE `id` = 1[0m
  [4;35;1mSQL (7.6ms)[0m   [0mCOMMIT[0m
  [4;36;1mEssay Load (0.1ms)[0m   [0;1mSELECT * FROM `essays` WHERE (`essays`.`user_id` = 1) [0m
Rendering template within layouts/application
Rendering essays/index
  [4;35;1mEssay Columns (1.2ms)[0m   [0mSHOW FIELDS FROM `essays`[0m
Completed in 66ms (View: 7, DB: 21) | 200 OK [http://localhost/essays]
  [4;36;1mSQL (0.2ms)[0m   [0;1mSET NAMES 'utf8'[0m
  [4;35;1mSQL (0.2ms)[0m   [0mSET SQL_AUTO_IS_NULL=0[0m


Processing EssaysController#index (for 127.0.0.1 at 2010-01-09 12:50:09) [GET]
  Parameters: {"action"=>"index", "controller"=>"essays"}
  [4;36;1mUser Columns (2.0ms)[0m   [0;1mSHOW FIELDS FROM `users`[0m
  [4;35;1mUser Load (0.4ms)[0m   [0mSELECT * FROM `users` WHERE (`users`.`id` = '1') LIMIT 1[0m
  [4;36;1mSQL (0.1ms)[0m   [0;1mBEGIN[0m
  [4;35;1mUser Update (0.3ms)[0m   [0mUPDATE `users` SET `updated_at` = '2010-01-09 18:50:09', `last_request_at` = '2010-01-09 18:50:09' WHERE `id` = 1[0m
  [4;36;1mSQL (3.3ms)[0m   [0;1mCOMMIT[0m
  [4;35;1mEssay Load (2.2ms)[0m   [0mSELECT * FROM `essays` WHERE (`essays`.`user_id` = 1) [0m
Rendering template within layouts/application
Rendering essays/index
  [4;36;1mEssay Columns (1.4ms)[0m   [0;1mSHOW FIELDS FROM `essays`[0m
Completed in 156ms (View: 8, DB: 11) | 200 OK [http://localhost/essays]
  [4;35;1mSQL (0.1ms)[0m   [0mSET NAMES 'utf8'[0m
  [4;36;1mSQL (0.1ms)[0m   [0;1mSET SQL_AUTO_IS_NULL=0[0m


Processing EssaysController#show (for 127.0.0.1 at 2010-01-09 12:50:39) [GET]
  Parameters: {"title"=>"renaming", "action"=>"show", "controller"=>"essays"}
  [4;35;1mUser Columns (3.8ms)[0m   [0mSHOW FIELDS FROM `users`[0m
  [4;36;1mUser Load (2.5ms)[0m   [0;1mSELECT * FROM `users` WHERE (`users`.`id` = '1') LIMIT 1[0m
  [4;35;1mSQL (1.4ms)[0m   [0mBEGIN[0m
  [4;36;1mUser Update (4.4ms)[0m   [0;1mUPDATE `users` SET `updated_at` = '2010-01-09 18:50:39', `last_request_at` = '2010-01-09 18:50:39' WHERE `id` = 1[0m
  [4;35;1mSQL (5.9ms)[0m   [0mCOMMIT[0m
  [4;36;1mEssay Load (0.5ms)[0m   [0;1mSELECT * FROM `essays` WHERE (`essays`.`url_title` IS NULL AND `essays`.`user_id` = 1) LIMIT 1[0m
Rendering template within layouts/application
Rendering essays/show
Completed in 70ms (View: 2, DB: 19) | 200 OK [http://localhost/essays/renaming]
  [4;35;1mSQL (0.1ms)[0m   [0mSET NAMES 'utf8'[0m
  [4;36;1mSQL (0.1ms)[0m   [0;1mSET SQL_AUTO_IS_NULL=0[0m


Processing EssaysController#show (for 127.0.0.1 at 2010-01-09 12:52:34) [GET]
  Parameters: {"url_title"=>"renaming", "action"=>"show", "controller"=>"essays"}
  [4;35;1mUser Columns (2.3ms)[0m   [0mSHOW FIELDS FROM `users`[0m
  [4;36;1mUser Load (0.4ms)[0m   [0;1mSELECT * FROM `users` WHERE (`users`.`id` = '1') LIMIT 1[0m
  [4;35;1mSQL (1.1ms)[0m   [0mBEGIN[0m
  [4;36;1mUser Update (0.5ms)[0m   [0;1mUPDATE `users` SET `updated_at` = '2010-01-09 18:52:34', `last_request_at` = '2010-01-09 18:52:34' WHERE `id` = 1[0m
  [4;35;1mSQL (19.2ms)[0m   [0mCOMMIT[0m
  [4;36;1mEssay Load (53.7ms)[0m   [0;1mSELECT * FROM `essays` WHERE (`essays`.`url_title` = 'renaming' AND `essays`.`user_id` = 1) LIMIT 1[0m
Rendering template within layouts/application
Rendering essays/show
  [4;35;1mEssay Columns (2.3ms)[0m   [0mSHOW FIELDS FROM `essays`[0m
Completed in 304ms (View: 83, DB: 80) | 200 OK [http://localhost/essays/renaming]
  [4;36;1mSQL (0.1ms)[0m   [0;1mSET NAMES 'utf8'[0m
  [4;35;1mSQL (0.1ms)[0m   [0mSET SQL_AUTO_IS_NULL=0[0m


Processing EssaysController#index (for 127.0.0.1 at 2010-01-09 12:52:38) [GET]
  Parameters: {"action"=>"index", "controller"=>"essays"}
  [4;36;1mUser Columns (1.7ms)[0m   [0;1mSHOW FIELDS FROM `users`[0m
  [4;35;1mUser Load (3.3ms)[0m   [0mSELECT * FROM `users` WHERE (`users`.`id` = '1') LIMIT 1[0m
  [4;36;1mSQL (0.1ms)[0m   [0;1mBEGIN[0m
  [4;35;1mUser Update (0.5ms)[0m   [0mUPDATE `users` SET `updated_at` = '2010-01-09 18:52:39', `last_request_at` = '2010-01-09 18:52:39' WHERE `id` = 1[0m
  [4;36;1mSQL (1.8ms)[0m   [0;1mCOMMIT[0m
  [4;35;1mEssay Load (1.0ms)[0m   [0mSELECT * FROM `essays` WHERE (`essays`.`user_id` = 1) [0m
Rendering template within layouts/application
Rendering essays/index
  [4;36;1mEssay Columns (1.3ms)[0m   [0;1mSHOW FIELDS FROM `essays`[0m
Completed in 72ms (View: 8, DB: 10) | 200 OK [http://localhost/essays/]
  [4;35;1mSQL (0.6ms)[0m   [0mSET NAMES 'utf8'[0m
  [4;36;1mSQL (0.1ms)[0m   [0;1mSET SQL_AUTO_IS_NULL=0[0m


Processing HomepageController#home (for 127.0.0.1 at 2010-01-09 12:52:40) [GET]
  Parameters: {"action"=>"home", "controller"=>"homepage"}
Rendering template within layouts/application
Rendering homepage/home
  [4;35;1mUser Columns (19.3ms)[0m   [0mSHOW FIELDS FROM `users`[0m
  [4;36;1mUser Load (0.8ms)[0m   [0;1mSELECT * FROM `users` WHERE (`users`.`id` = '1') LIMIT 1[0m
  [4;35;1mSQL (0.1ms)[0m   [0mBEGIN[0m
  [4;36;1mUser Update (1.3ms)[0m   [0;1mUPDATE `users` SET `updated_at` = '2010-01-09 18:52:41', `last_request_at` = '2010-01-09 18:52:41' WHERE `id` = 1[0m
  [4;35;1mSQL (4.1ms)[0m   [0mCOMMIT[0m
Completed in 63ms (View: 33, DB: 27) | 200 OK [http://localhost/]
  [4;36;1mSQL (0.1ms)[0m   [0;1mSET NAMES 'utf8'[0m
  [4;35;1mSQL (0.1ms)[0m   [0mSET SQL_AUTO_IS_NULL=0[0m


Processing EssaysController#index (for 127.0.0.1 at 2010-01-09 12:52:42) [GET]
  Parameters: {"action"=>"index", "controller"=>"essays"}
  [4;36;1mUser Columns (1.5ms)[0m   [0;1mSHOW FIELDS FROM `users`[0m
  [4;35;1mUser Load (0.4ms)[0m   [0mSELECT * FROM `users` WHERE (`users`.`id` = '1') LIMIT 1[0m
  [4;36;1mSQL (0.1ms)[0m   [0;1mBEGIN[0m
  [4;35;1mUser Update (0.4ms)[0m   [0mUPDATE `users` SET `updated_at` = '2010-01-09 18:52:42', `last_request_at` = '2010-01-09 18:52:42' WHERE `id` = 1[0m
  [4;36;1mSQL (6.2ms)[0m   [0;1mCOMMIT[0m
  [4;35;1mEssay Load (0.1ms)[0m   [0mSELECT * FROM `essays` WHERE (`essays`.`user_id` = 1) [0m
Rendering template within layouts/application
Rendering essays/index
  [4;36;1mEssay Columns (1.3ms)[0m   [0;1mSHOW FIELDS FROM `essays`[0m
Completed in 59ms (View: 7, DB: 12) | 200 OK [http://localhost/essays]
  [4;35;1mSQL (0.1ms)[0m   [0mSET NAMES 'utf8'[0m
  [4;36;1mSQL (0.1ms)[0m   [0;1mSET SQL_AUTO_IS_NULL=0[0m


Processing EssaysController#show (for 127.0.0.1 at 2010-01-09 12:52:44) [GET]
  Parameters: {"url_title"=>"nuevo", "action"=>"show", "controller"=>"essays"}
  [4;35;1mUser Columns (4.8ms)[0m   [0mSHOW FIELDS FROM `users`[0m
  [4;36;1mUser Load (4.8ms)[0m   [0;1mSELECT * FROM `users` WHERE (`users`.`id` = '1') LIMIT 1[0m
  [4;35;1mSQL (0.1ms)[0m   [0mBEGIN[0m
  [4;36;1mUser Update (0.4ms)[0m   [0;1mUPDATE `users` SET `updated_at` = '2010-01-09 18:52:44', `last_request_at` = '2010-01-09 18:52:44' WHERE `id` = 1[0m
  [4;35;1mSQL (3.6ms)[0m   [0mCOMMIT[0m
  [4;36;1mEssay Load (0.9ms)[0m   [0;1mSELECT * FROM `essays` WHERE (`essays`.`url_title` = 'nuevo' AND `essays`.`user_id` = 1) LIMIT 1[0m
Rendering template within layouts/application
Rendering essays/show
  [4;35;1mEssay Columns (1.4ms)[0m   [0mSHOW FIELDS FROM `essays`[0m
Completed in 171ms (View: 6, DB: 17) | 200 OK [http://localhost/essays/nuevo]
  [4;36;1mSQL (0.1ms)[0m   [0;1mSET NAMES 'utf8'[0m
  [4;35;1mSQL (0.1ms)[0m   [0mSET SQL_AUTO_IS_NULL=0[0m


Processing EssaysController#index (for 127.0.0.1 at 2010-01-09 12:52:49) [GET]
  Parameters: {"action"=>"index", "controller"=>"essays"}
  [4;36;1mUser Columns (1.7ms)[0m   [0;1mSHOW FIELDS FROM `users`[0m
  [4;35;1mUser Load (0.5ms)[0m   [0mSELECT * FROM `users` WHERE (`users`.`id` = '1') LIMIT 1[0m
  [4;36;1mSQL (0.1ms)[0m   [0;1mBEGIN[0m
  [4;35;1mUser Update (0.4ms)[0m   [0mUPDATE `users` SET `updated_at` = '2010-01-09 18:52:49', `last_request_at` = '2010-01-09 18:52:49' WHERE `id` = 1[0m
  [4;36;1mSQL (1.8ms)[0m   [0;1mCOMMIT[0m
  [4;35;1mEssay Load (0.2ms)[0m   [0mSELECT * FROM `essays` WHERE (`essays`.`user_id` = 1) [0m
Rendering template within layouts/application
Rendering essays/index
  [4;36;1mEssay Columns (2.1ms)[0m   [0;1mSHOW FIELDS FROM `essays`[0m
Completed in 60ms (View: 7, DB: 8) | 200 OK [http://localhost/essays/]
  [4;35;1mSQL (0.1ms)[0m   [0mSET NAMES 'utf8'[0m
  [4;36;1mSQL (0.1ms)[0m   [0;1mSET SQL_AUTO_IS_NULL=0[0m


Processing HomepageController#hexagon_home (for 127.0.0.1 at 2010-01-09 12:52:53) [GET]
  Parameters: {"action"=>"hexagon_home", "username"=>"wallyqsessays", "controller"=>"homepage"}
Rendering template within layouts/application
Rendering homepage/hexagon_home
  [4;35;1mUser Columns (2.1ms)[0m   [0mSHOW FIELDS FROM `users`[0m
  [4;36;1mUser Load (0.4ms)[0m   [0;1mSELECT * FROM `users` WHERE (`users`.`id` = '1') LIMIT 1[0m
  [4;35;1mSQL (0.1ms)[0m   [0mBEGIN[0m
  [4;36;1mUser Update (0.4ms)[0m   [0;1mUPDATE `users` SET `updated_at` = '2010-01-09 18:52:53', `last_request_at` = '2010-01-09 18:52:53' WHERE `id` = 1[0m
  [4;35;1mSQL (2.0ms)[0m   [0mCOMMIT[0m
Completed in 72ms (View: 62, DB: 6) | 200 OK [http://localhost/wallyqsessays/]
  [4;36;1mSQL (6.1ms)[0m   [0;1mSET NAMES 'utf8'[0m
  [4;35;1mSQL (0.2ms)[0m   [0mSET SQL_AUTO_IS_NULL=0[0m


Processing EssaysController#hexagon_index (for 127.0.0.1 at 2010-01-09 12:52:57) [GET]
  Parameters: {"action"=>"hexagon_index", "username"=>"wallyqs", "controller"=>"essays"}
  [4;36;1mUser Columns (2.5ms)[0m   [0;1mSHOW FIELDS FROM `users`[0m
  [4;35;1mUser Load (0.5ms)[0m   [0mSELECT * FROM `users` WHERE (`users`.`login` = 'wallyqs') LIMIT 1[0m
  [4;36;1mEssay Load (0.1ms)[0m   [0;1mSELECT * FROM `essays` WHERE (`essays`.`user_id` = 1) [0m
Rendering template within layouts/application
Rendering essays/hexagon_index
  [4;35;1mEssay Columns (1.5ms)[0m   [0mSHOW FIELDS FROM `essays`[0m
  [4;36;1mUser Load (0.4ms)[0m   [0;1mSELECT * FROM `users` WHERE (`users`.`id` = '1') LIMIT 1[0m
  [4;35;1mSQL (0.1ms)[0m   [0mBEGIN[0m
  [4;36;1mUser Update (0.5ms)[0m   [0;1mUPDATE `users` SET `updated_at` = '2010-01-09 18:52:57', `last_request_at` = '2010-01-09 18:52:57' WHERE `id` = 1[0m
  [4;35;1mSQL (18.3ms)[0m   [0mCOMMIT[0m
Completed in 74ms (View: 23, DB: 31) | 200 OK [http://localhost/wallyqs/essays/]
  [4;36;1mSQL (0.1ms)[0m   [0;1mSET NAMES 'utf8'[0m
  [4;35;1mSQL (0.1ms)[0m   [0mSET SQL_AUTO_IS_NULL=0[0m


Processing EssaysController#hexagon_show (for 127.0.0.1 at 2010-01-09 12:53:00) [GET]
  Parameters: {"url_title"=>"nuevo", "action"=>"hexagon_show", "username"=>"wallyqs", "controller"=>"essays"}
  [4;36;1mUser Columns (1.7ms)[0m   [0;1mSHOW FIELDS FROM `users`[0m
  [4;35;1mUser Load (0.5ms)[0m   [0mSELECT * FROM `users` WHERE (`users`.`login` = 'wallyqs') LIMIT 1[0m
  [4;36;1mEssay Load (0.3ms)[0m   [0;1mSELECT * FROM `essays` WHERE (`essays`.`url_title` = 'nuevo' AND `essays`.`user_id` = 1) LIMIT 1[0m
Rendering template within layouts/application
Rendering essays/hexagon_show
  [4;35;1mEssay Columns (4.9ms)[0m   [0mSHOW FIELDS FROM `essays`[0m
  [4;36;1mUser Load (0.4ms)[0m   [0;1mSELECT * FROM `users` WHERE (`users`.`id` = '1') LIMIT 1[0m
  [4;35;1mSQL (0.1ms)[0m   [0mBEGIN[0m
  [4;36;1mUser Update (0.4ms)[0m   [0;1mUPDATE `users` SET `updated_at` = '2010-01-09 18:53:00', `last_request_at` = '2010-01-09 18:53:00' WHERE `id` = 1[0m
  [4;35;1mSQL (1.6ms)[0m   [0mCOMMIT[0m
Completed in 69ms (View: 25, DB: 11) | 200 OK [http://localhost/wallyqs/essays/nuevo]
  [4;36;1mSQL (0.1ms)[0m   [0;1mSET NAMES 'utf8'[0m
  [4;35;1mSQL (0.1ms)[0m   [0mSET SQL_AUTO_IS_NULL=0[0m


Processing EssaysController#hexagon_show (for 127.0.0.1 at 2010-01-09 12:53:05) [GET]
  Parameters: {"url_title"=>"renaming", "action"=>"hexagon_show", "username"=>"wallyqs", "controller"=>"essays"}
  [4;36;1mUser Columns (1.7ms)[0m   [0;1mSHOW FIELDS FROM `users`[0m
  [4;35;1mUser Load (0.5ms)[0m   [0mSELECT * FROM `users` WHERE (`users`.`login` = 'wallyqs') LIMIT 1[0m
  [4;36;1mEssay Load (6.1ms)[0m   [0;1mSELECT * FROM `essays` WHERE (`essays`.`url_title` = 'renaming' AND `essays`.`user_id` = 1) LIMIT 1[0m
Rendering template within layouts/application
Rendering essays/hexagon_show
  [4;35;1mEssay Columns (1.5ms)[0m   [0mSHOW FIELDS FROM `essays`[0m
  [4;36;1mUser Load (0.4ms)[0m   [0;1mSELECT * FROM `users` WHERE (`users`.`id` = '1') LIMIT 1[0m
  [4;35;1mSQL (0.1ms)[0m   [0mBEGIN[0m
  [4;36;1mUser Update (0.4ms)[0m   [0;1mUPDATE `users` SET `updated_at` = '2010-01-09 18:53:05', `last_request_at` = '2010-01-09 18:53:05' WHERE `id` = 1[0m
  [4;35;1mSQL (5.3ms)[0m   [0mCOMMIT[0m
Completed in 66ms (View: 24, DB: 17) | 200 OK [http://localhost/wallyqs/essays/renaming]
  [4;36;1mSQL (0.1ms)[0m   [0;1mSET NAMES 'utf8'[0m
  [4;35;1mSQL (0.2ms)[0m   [0mSET SQL_AUTO_IS_NULL=0[0m


Processing HomepageController#hexagon_home (for 127.0.0.1 at 2010-01-09 13:04:05) [GET]
  Parameters: {"action"=>"hexagon_home", "username"=>"wallyqs", "controller"=>"homepage"}
Rendering template within layouts/application
Rendering homepage/hexagon_home
  [4;36;1mUser Columns (1.8ms)[0m   [0;1mSHOW FIELDS FROM `users`[0m
  [4;35;1mUser Load (1.2ms)[0m   [0mSELECT * FROM `users` WHERE (`users`.`id` = '1') LIMIT 1[0m
  [4;36;1mSQL (0.1ms)[0m   [0;1mBEGIN[0m
  [4;35;1mUser Update (0.5ms)[0m   [0mUPDATE `users` SET `updated_at` = '2010-01-09 19:04:05', `last_request_at` = '2010-01-09 19:04:05' WHERE `id` = 1[0m
  [4;36;1mSQL (2.2ms)[0m   [0;1mCOMMIT[0m
Completed in 50ms (View: 39, DB: 7) | 200 OK [http://localhost/wallyqs/]
  [4;35;1mSQL (0.1ms)[0m   [0mSET NAMES 'utf8'[0m
  [4;36;1mSQL (0.1ms)[0m   [0;1mSET SQL_AUTO_IS_NULL=0[0m


Processing EssaysController#hexagon_index (for 127.0.0.1 at 2010-01-09 13:04:06) [GET]
  Parameters: {"action"=>"hexagon_index", "username"=>"wallyqs", "controller"=>"essays"}
  [4;35;1mUser Columns (3.5ms)[0m   [0mSHOW FIELDS FROM `users`[0m
  [4;36;1mUser Load (0.7ms)[0m   [0;1mSELECT * FROM `users` WHERE (`users`.`login` = 'wallyqs') LIMIT 1[0m
  [4;35;1mEssay Load (0.2ms)[0m   [0mSELECT * FROM `essays` WHERE (`essays`.`user_id` = 1) [0m
Rendering template within layouts/application
Rendering essays/hexagon_index
  [4;36;1mEssay Columns (1.7ms)[0m   [0;1mSHOW FIELDS FROM `essays`[0m
  [4;35;1mUser Load (0.6ms)[0m   [0mSELECT * FROM `users` WHERE (`users`.`id` = '1') LIMIT 1[0m
  [4;36;1mSQL (0.1ms)[0m   [0;1mBEGIN[0m
  [4;35;1mUser Update (0.4ms)[0m   [0mUPDATE `users` SET `updated_at` = '2010-01-09 19:04:06', `last_request_at` = '2010-01-09 19:04:06' WHERE `id` = 1[0m
  [4;36;1mSQL (7.0ms)[0m   [0;1mCOMMIT[0m
Completed in 63ms (View: 22, DB: 15) | 200 OK [http://localhost/wallyqs/essays/]
  [4;35;1mSQL (20.0ms)[0m   [0mSET NAMES 'utf8'[0m
  [4;36;1mSQL (0.1ms)[0m   [0;1mSET SQL_AUTO_IS_NULL=0[0m


Processing HomepageController#hexagon_home (for 127.0.0.1 at 2010-01-09 13:04:13) [GET]
  Parameters: {"action"=>"hexagon_home", "username"=>"aaa", "controller"=>"homepage"}
Rendering template within layouts/application
Rendering homepage/hexagon_home
  [4;35;1mUser Columns (8.3ms)[0m   [0mSHOW FIELDS FROM `users`[0m
  [4;36;1mUser Load (0.5ms)[0m   [0;1mSELECT * FROM `users` WHERE (`users`.`id` = '1') LIMIT 1[0m
  [4;35;1mSQL (0.1ms)[0m   [0mBEGIN[0m
  [4;36;1mUser Update (0.5ms)[0m   [0;1mUPDATE `users` SET `updated_at` = '2010-01-09 19:04:13', `last_request_at` = '2010-01-09 19:04:13' WHERE `id` = 1[0m
  [4;35;1mSQL (1.5ms)[0m   [0mCOMMIT[0m
Completed in 67ms (View: 36, DB: 32) | 200 OK [http://localhost/aaa]
  [4;35;1mUser Columns (2.5ms)[0m   [0mSHOW FIELDS FROM `users`[0m
  [4;36;1mUser Load (1.9ms)[0m   [0;1mSELECT * FROM `users` LIMIT 1[0m
  [4;35;1mUser Load (5.2ms)[0m   [0mSELECT * FROM `users` WHERE (`users`.`login` IS NULL) LIMIT 1[0m
  [4;36;1mUser Load (0.5ms)[0m   [0;1mSELECT * FROM `users` WHERE (`users`.`login` = 'wallyqs') LIMIT 1[0m
  [4;35;1mUser Load (14.6ms)[0m   [0mSELECT * FROM `users` WHERE (`users`.`login` = 'walloqs') LIMIT 1[0m
  [4;36;1mSQL (0.1ms)[0m   [0;1mSET NAMES 'utf8'[0m
  [4;35;1mSQL (0.1ms)[0m   [0mSET SQL_AUTO_IS_NULL=0[0m


Processing HomepageController#hexagon_home (for 127.0.0.1 at 2010-01-09 13:09:07) [GET]
  Parameters: {"action"=>"hexagon_home", "username"=>"aaa", "controller"=>"homepage"}
  [4;36;1mUser Columns (1.6ms)[0m   [0;1mSHOW FIELDS FROM `users`[0m

NameError (undefined local variable or method `username' for #<HomepageController:0xb6656704>):
  app/controllers/homepage_controller.rb:6:in `hexagon_home'

Rendered rescues/_trace (48.4ms)
Rendered rescues/_request_and_response (0.4ms)
Rendering rescues/layout (internal_server_error)
  [4;35;1mSQL (0.2ms)[0m   [0mSET NAMES 'utf8'[0m
  [4;36;1mSQL (0.1ms)[0m   [0;1mSET SQL_AUTO_IS_NULL=0[0m


Processing HomepageController#hexagon_home (for 127.0.0.1 at 2010-01-09 13:09:17) [GET]
  Parameters: {"action"=>"hexagon_home", "username"=>"aaa", "controller"=>"homepage"}
  [4;35;1mUser Columns (1.7ms)[0m   [0mSHOW FIELDS FROM `users`[0m
  [4;36;1mUser Load (0.4ms)[0m   [0;1mSELECT * FROM `users` WHERE (`users`.`login` = 'aaa') LIMIT 1[0m
Redirected to http://localhost:3000404.html
Completed in 21ms (DB: 2) | 302 Found [http://localhost/aaa]
  [4;35;1mSQL (0.1ms)[0m   [0mSET NAMES 'utf8'[0m
  [4;36;1mSQL (0.1ms)[0m   [0;1mSET SQL_AUTO_IS_NULL=0[0m


Processing HomepageController#home (for 127.0.0.1 at 2010-01-09 13:09:20) [GET]
  Parameters: {"action"=>"home", "controller"=>"homepage"}
Rendering template within layouts/application
Rendering homepage/home
  [4;35;1mUser Columns (1.6ms)[0m   [0mSHOW FIELDS FROM `users`[0m
  [4;36;1mUser Load (0.6ms)[0m   [0;1mSELECT * FROM `users` WHERE (`users`.`id` = '1') LIMIT 1[0m
  [4;35;1mSQL (0.1ms)[0m   [0mBEGIN[0m
  [4;36;1mUser Update (0.4ms)[0m   [0;1mUPDATE `users` SET `updated_at` = '2010-01-09 19:09:20', `last_request_at` = '2010-01-09 19:09:20' WHERE `id` = 1[0m
  [4;35;1mSQL (2.5ms)[0m   [0mCOMMIT[0m
Completed in 188ms (View: 149, DB: 7) | 200 OK [http://localhost/]
  [4;36;1mSQL (0.5ms)[0m   [0;1mSET NAMES 'utf8'[0m
  [4;35;1mSQL (0.1ms)[0m   [0mSET SQL_AUTO_IS_NULL=0[0m


Processing HomepageController#hexagon_home (for 127.0.0.1 at 2010-01-09 13:09:25) [GET]
  Parameters: {"action"=>"hexagon_home", "username"=>"aaa", "controller"=>"homepage"}
  [4;36;1mUser Columns (1.8ms)[0m   [0;1mSHOW FIELDS FROM `users`[0m
  [4;35;1mUser Load (0.5ms)[0m   [0mSELECT * FROM `users` WHERE (`users`.`login` = 'aaa') LIMIT 1[0m
Redirected to http://localhost:3000404.html
Completed in 28ms (DB: 3) | 302 Found [http://localhost/aaa]
  [4;36;1mSQL (0.2ms)[0m   [0;1mSET NAMES 'utf8'[0m
  [4;35;1mSQL (0.1ms)[0m   [0mSET SQL_AUTO_IS_NULL=0[0m


Processing HomepageController#hexagon_home (for 127.0.0.1 at 2010-01-09 13:09:29) [GET]
  Parameters: {"action"=>"hexagon_home", "username"=>"aaaaa", "controller"=>"homepage"}
  [4;36;1mUser Columns (1.5ms)[0m   [0;1mSHOW FIELDS FROM `users`[0m
  [4;35;1mUser Load (0.5ms)[0m   [0mSELECT * FROM `users` WHERE (`users`.`login` = 'aaaaa') LIMIT 1[0m
Redirected to http://localhost:3000404.html
Completed in 26ms (DB: 2) | 302 Found [http://localhost/aaaaa]
  [4;36;1mSQL (0.1ms)[0m   [0;1mSET NAMES 'utf8'[0m
  [4;35;1mSQL (0.7ms)[0m   [0mSET SQL_AUTO_IS_NULL=0[0m


Processing HomepageController#hexagon_home (for 127.0.0.1 at 2010-01-09 13:09:34) [GET]
  Parameters: {"action"=>"hexagon_home", "username"=>"wallyqs", "controller"=>"homepage"}
  [4;36;1mUser Columns (2.8ms)[0m   [0;1mSHOW FIELDS FROM `users`[0m
  [4;35;1mUser Load (0.7ms)[0m   [0mSELECT * FROM `users` WHERE (`users`.`login` = 'wallyqs') LIMIT 1[0m
Rendering template within layouts/application
Rendering homepage/hexagon_home
  [4;36;1mUser Load (0.4ms)[0m   [0;1mSELECT * FROM `users` WHERE (`users`.`id` = '1') LIMIT 1[0m
  [4;35;1mSQL (0.1ms)[0m   [0mBEGIN[0m
  [4;36;1mUser Update (0.5ms)[0m   [0;1mUPDATE `users` SET `updated_at` = '2010-01-09 19:09:34', `last_request_at` = '2010-01-09 19:09:34' WHERE `id` = 1[0m
  [4;35;1mSQL (1.6ms)[0m   [0mCOMMIT[0m
Completed in 50ms (View: 23, DB: 7) | 200 OK [http://localhost/wallyqs]
  [4;36;1mSQL (0.2ms)[0m   [0;1mSET NAMES 'utf8'[0m
  [4;35;1mSQL (0.1ms)[0m   [0mSET SQL_AUTO_IS_NULL=0[0m


Processing HomepageController#hexagon_home (for 127.0.0.1 at 2010-01-09 13:09:38) [GET]
  Parameters: {"action"=>"hexagon_home", "username"=>"asdf", "controller"=>"homepage"}
  [4;36;1mUser Columns (1.9ms)[0m   [0;1mSHOW FIELDS FROM `users`[0m
  [4;35;1mUser Load (0.4ms)[0m   [0mSELECT * FROM `users` WHERE (`users`.`login` = 'asdf') LIMIT 1[0m
Redirected to http://localhost:3000404.html
Completed in 22ms (DB: 3) | 302 Found [http://localhost/asdf]
  [4;36;1mSQL (0.1ms)[0m   [0;1mSET NAMES 'utf8'[0m
  [4;35;1mSQL (0.1ms)[0m   [0mSET SQL_AUTO_IS_NULL=0[0m


Processing HomepageController#hexagon_home (for 127.0.0.1 at 2010-01-09 13:09:43) [GET]
  Parameters: {"action"=>"hexagon_home", "username"=>"wallyqs", "controller"=>"homepage"}
  [4;36;1mUser Columns (1.7ms)[0m   [0;1mSHOW FIELDS FROM `users`[0m
  [4;35;1mUser Load (2.2ms)[0m   [0mSELECT * FROM `users` WHERE (`users`.`login` = 'wallyqs') LIMIT 1[0m
Rendering template within layouts/application
Rendering homepage/hexagon_home
  [4;36;1mUser Load (0.5ms)[0m   [0;1mSELECT * FROM `users` WHERE (`users`.`id` = '1') LIMIT 1[0m
  [4;35;1mSQL (0.1ms)[0m   [0mBEGIN[0m
  [4;36;1mUser Update (0.5ms)[0m   [0;1mUPDATE `users` SET `updated_at` = '2010-01-09 19:09:43', `last_request_at` = '2010-01-09 19:09:43' WHERE `id` = 1[0m
  [4;35;1mSQL (1.6ms)[0m   [0mCOMMIT[0m
Completed in 147ms (View: 120, DB: 8) | 200 OK [http://localhost/wallyqs]
  [4;36;1mSQL (0.1ms)[0m   [0;1mSET NAMES 'utf8'[0m
  [4;35;1mSQL (0.1ms)[0m   [0mSET SQL_AUTO_IS_NULL=0[0m


Processing HomepageController#hexagon_home (for 127.0.0.1 at 2010-01-09 13:09:46) [GET]
  Parameters: {"action"=>"hexagon_home", "username"=>"AAA", "controller"=>"homepage"}
  [4;36;1mUser Columns (1.6ms)[0m   [0;1mSHOW FIELDS FROM `users`[0m
  [4;35;1mUser Load (0.6ms)[0m   [0mSELECT * FROM `users` WHERE (`users`.`login` = 'AAA') LIMIT 1[0m
Redirected to http://localhost:3000404.html
Completed in 27ms (DB: 2) | 302 Found [http://localhost/AAA]
  [4;36;1mSQL (0.1ms)[0m   [0;1mSET NAMES 'utf8'[0m
  [4;35;1mSQL (0.1ms)[0m   [0mSET SQL_AUTO_IS_NULL=0[0m


Processing HomepageController#hexagon_home (for 127.0.0.1 at 2010-01-09 13:10:03) [GET]
  Parameters: {"action"=>"hexagon_home", "username"=>"AAA", "controller"=>"homepage"}
  [4;36;1mUser Columns (1.8ms)[0m   [0;1mSHOW FIELDS FROM `users`[0m
  [4;35;1mUser Load (0.2ms)[0m   [0mSELECT * FROM `users` WHERE (`users`.`login` = 'AAA') LIMIT 1[0m
Redirected to http://localhost:3000404
Completed in 24ms (DB: 2) | 302 Found [http://localhost/AAA]
  [4;36;1mSQL (0.1ms)[0m   [0;1mSET NAMES 'utf8'[0m
  [4;35;1mSQL (0.1ms)[0m   [0mSET SQL_AUTO_IS_NULL=0[0m


Processing HomepageController#home (for 127.0.0.1 at 2010-01-09 13:10:04) [GET]
  Parameters: {"action"=>"home", "controller"=>"homepage"}
Rendering template within layouts/application
Rendering homepage/home
  [4;36;1mUser Columns (5.4ms)[0m   [0;1mSHOW FIELDS FROM `users`[0m
  [4;35;1mUser Load (1.1ms)[0m   [0mSELECT * FROM `users` WHERE (`users`.`id` = '1') LIMIT 1[0m
  [4;36;1mSQL (0.1ms)[0m   [0;1mBEGIN[0m
  [4;35;1mUser Update (1.8ms)[0m   [0mUPDATE `users` SET `updated_at` = '2010-01-09 19:10:04', `last_request_at` = '2010-01-09 19:10:04' WHERE `id` = 1[0m
  [4;36;1mSQL (23.7ms)[0m   [0;1mCOMMIT[0m
Completed in 70ms (View: 32, DB: 33) | 200 OK [http://localhost/]
  [4;35;1mSQL (0.1ms)[0m   [0mSET NAMES 'utf8'[0m
  [4;36;1mSQL (0.1ms)[0m   [0;1mSET SQL_AUTO_IS_NULL=0[0m


Processing EssaysController#index (for 127.0.0.1 at 2010-01-09 13:10:19) [GET]
  Parameters: {"action"=>"index", "controller"=>"essays"}
  [4;35;1mUser Columns (2.3ms)[0m   [0mSHOW FIELDS FROM `users`[0m
  [4;36;1mUser Load (0.8ms)[0m   [0;1mSELECT * FROM `users` WHERE (`users`.`id` = '1') LIMIT 1[0m
  [4;35;1mSQL (0.1ms)[0m   [0mBEGIN[0m
  [4;36;1mUser Update (0.4ms)[0m   [0;1mUPDATE `users` SET `updated_at` = '2010-01-09 19:10:19', `last_request_at` = '2010-01-09 19:10:19' WHERE `id` = 1[0m
  [4;35;1mSQL (19.4ms)[0m   [0mCOMMIT[0m
  [4;36;1mEssay Load (2.3ms)[0m   [0;1mSELECT * FROM `essays` WHERE (`essays`.`user_id` = 1) [0m
Rendering template within layouts/application
Rendering essays/index
  [4;35;1mEssay Columns (1.3ms)[0m   [0mSHOW FIELDS FROM `essays`[0m
Completed in 79ms (View: 7, DB: 27) | 200 OK [http://localhost/essays/]
  [4;36;1mSQL (0.1ms)[0m   [0;1mSET NAMES 'utf8'[0m
  [4;35;1mSQL (0.1ms)[0m   [0mSET SQL_AUTO_IS_NULL=0[0m


Processing EssaysController#show (for 127.0.0.1 at 2010-01-09 13:10:23) [GET]
  Parameters: {"url_title"=>"renaming", "action"=>"show", "controller"=>"essays"}
  [4;36;1mUser Columns (1.7ms)[0m   [0;1mSHOW FIELDS FROM `users`[0m
  [4;35;1mUser Load (0.5ms)[0m   [0mSELECT * FROM `users` WHERE (`users`.`id` = '1') LIMIT 1[0m
  [4;36;1mSQL (0.1ms)[0m   [0;1mBEGIN[0m
  [4;35;1mUser Update (0.3ms)[0m   [0mUPDATE `users` SET `updated_at` = '2010-01-09 19:10:23', `last_request_at` = '2010-01-09 19:10:23' WHERE `id` = 1[0m
  [4;36;1mSQL (2.8ms)[0m   [0;1mCOMMIT[0m
  [4;35;1mEssay Load (0.1ms)[0m   [0mSELECT * FROM `essays` WHERE (`essays`.`url_title` = 'renaming' AND `essays`.`user_id` = 1) LIMIT 1[0m
Rendering template within layouts/application
Rendering essays/show
  [4;36;1mEssay Columns (1.3ms)[0m   [0;1mSHOW FIELDS FROM `essays`[0m
Completed in 159ms (View: 6, DB: 9) | 200 OK [http://localhost/essays/renaming]
  [4;35;1mSQL (0.2ms)[0m   [0mSET NAMES 'utf8'[0m
  [4;36;1mSQL (1.6ms)[0m   [0;1mSET SQL_AUTO_IS_NULL=0[0m


Processing HomepageController#home (for 127.0.0.1 at 2010-01-09 13:10:25) [GET]
  Parameters: {"action"=>"home", "controller"=>"homepage"}
Rendering template within layouts/application
Rendering homepage/home
  [4;35;1mUser Columns (2.1ms)[0m   [0mSHOW FIELDS FROM `users`[0m
  [4;36;1mUser Load (0.5ms)[0m   [0;1mSELECT * FROM `users` WHERE (`users`.`id` = '1') LIMIT 1[0m
  [4;35;1mSQL (0.1ms)[0m   [0mBEGIN[0m
  [4;36;1mUser Update (0.3ms)[0m   [0;1mUPDATE `users` SET `updated_at` = '2010-01-09 19:10:25', `last_request_at` = '2010-01-09 19:10:25' WHERE `id` = 1[0m
  [4;35;1mSQL (2.3ms)[0m   [0mCOMMIT[0m
Completed in 48ms (View: 37, DB: 9) | 200 OK [http://localhost/]
  [4;36;1mSQL (0.1ms)[0m   [0;1mSET NAMES 'utf8'[0m
  [4;35;1mSQL (0.1ms)[0m   [0mSET SQL_AUTO_IS_NULL=0[0m


Processing HomepageController#hexagon_home (for 127.0.0.1 at 2010-01-09 13:10:26) [GET]
  Parameters: {"action"=>"hexagon_home", "username"=>"aaa", "controller"=>"homepage"}
  [4;36;1mUser Columns (1.9ms)[0m   [0;1mSHOW FIELDS FROM `users`[0m
  [4;35;1mUser Load (0.9ms)[0m   [0mSELECT * FROM `users` WHERE (`users`.`login` = 'aaa') LIMIT 1[0m
Redirected to http://localhost:3000404
Completed in 21ms (DB: 3) | 302 Found [http://localhost/aaa]
  [4;36;1mSQL (0.1ms)[0m   [0;1mSET NAMES 'utf8'[0m
  [4;35;1mSQL (0.4ms)[0m   [0mSET SQL_AUTO_IS_NULL=0[0m


Processing HomepageController#home (for 127.0.0.1 at 2010-01-09 13:10:34) [GET]
  Parameters: {"action"=>"home", "controller"=>"homepage"}
Rendering template within layouts/application
Rendering homepage/home
  [4;36;1mUser Columns (6.2ms)[0m   [0;1mSHOW FIELDS FROM `users`[0m
  [4;35;1mUser Load (5.2ms)[0m   [0mSELECT * FROM `users` WHERE (`users`.`id` = '1') LIMIT 1[0m
  [4;36;1mSQL (0.1ms)[0m   [0;1mBEGIN[0m
  [4;35;1mUser Update (24.9ms)[0m   [0mUPDATE `users` SET `updated_at` = '2010-01-09 19:10:34', `last_request_at` = '2010-01-09 19:10:34' WHERE `id` = 1[0m
  [4;36;1mSQL (3.0ms)[0m   [0;1mCOMMIT[0m
Completed in 87ms (View: 40, DB: 43) | 200 OK [http://localhost/]
  [4;35;1mSQL (0.1ms)[0m   [0mSET NAMES 'utf8'[0m
  [4;36;1mSQL (0.1ms)[0m   [0;1mSET SQL_AUTO_IS_NULL=0[0m


Processing HomepageController#hexagon_home (for 127.0.0.1 at 2010-01-09 13:10:36) [GET]
  Parameters: {"action"=>"hexagon_home", "username"=>"asdf", "controller"=>"homepage"}
  [4;35;1mUser Columns (2.0ms)[0m   [0mSHOW FIELDS FROM `users`[0m
  [4;36;1mUser Load (0.5ms)[0m   [0;1mSELECT * FROM `users` WHERE (`users`.`login` = 'asdf') LIMIT 1[0m
Redirected to http://localhost:3000404
Completed in 23ms (DB: 3) | 302 Found [http://localhost/asdf]
  [4;35;1mSQL (0.1ms)[0m   [0mSET NAMES 'utf8'[0m
  [4;36;1mSQL (0.1ms)[0m   [0;1mSET SQL_AUTO_IS_NULL=0[0m


Processing HomepageController#hexagon_home (for 127.0.0.1 at 2010-01-09 13:10:45) [GET]
  Parameters: {"action"=>"hexagon_home", "username"=>"asdf", "controller"=>"homepage"}
  [4;35;1mUser Columns (1.8ms)[0m   [0mSHOW FIELDS FROM `users`[0m
  [4;36;1mUser Load (0.2ms)[0m   [0;1mSELECT * FROM `users` WHERE (`users`.`login` = 'asdf') LIMIT 1[0m
Redirected to http://localhost:3000404.html
Completed in 24ms (DB: 2) | 302 Found [http://localhost/asdf]
  [4;35;1mSQL (0.2ms)[0m   [0mSET NAMES 'utf8'[0m
  [4;36;1mSQL (0.1ms)[0m   [0;1mSET SQL_AUTO_IS_NULL=0[0m


Processing HomepageController#hexagon_home (for 127.0.0.1 at 2010-01-09 13:10:46) [GET]
  Parameters: {"action"=>"hexagon_home", "username"=>"asdf", "controller"=>"homepage"}
  [4;35;1mUser Columns (2.0ms)[0m   [0mSHOW FIELDS FROM `users`[0m
  [4;36;1mUser Load (0.2ms)[0m   [0;1mSELECT * FROM `users` WHERE (`users`.`login` = 'asdf') LIMIT 1[0m
Redirected to http://localhost:3000404.html
Completed in 23ms (DB: 2) | 302 Found [http://localhost/asdf]
  [4;35;1mSQL (0.2ms)[0m   [0mSET NAMES 'utf8'[0m
  [4;36;1mSQL (1.8ms)[0m   [0;1mSET SQL_AUTO_IS_NULL=0[0m


Processing HomepageController#home (for 127.0.0.1 at 2010-01-09 13:10:51) [GET]
  Parameters: {"action"=>"home", "controller"=>"homepage"}
Rendering template within layouts/application
Rendering homepage/home
  [4;35;1mUser Columns (1.9ms)[0m   [0mSHOW FIELDS FROM `users`[0m
  [4;36;1mUser Load (0.4ms)[0m   [0;1mSELECT * FROM `users` WHERE (`users`.`id` = '1') LIMIT 1[0m
  [4;35;1mSQL (0.1ms)[0m   [0mBEGIN[0m
  [4;36;1mUser Update (0.4ms)[0m   [0;1mUPDATE `users` SET `updated_at` = '2010-01-09 19:10:51', `last_request_at` = '2010-01-09 19:10:51' WHERE `id` = 1[0m
  [4;35;1mSQL (5.9ms)[0m   [0mCOMMIT[0m
Completed in 47ms (View: 34, DB: 11) | 200 OK [http://localhost/]
  [4;36;1mSQL (0.1ms)[0m   [0;1mSET NAMES 'utf8'[0m
  [4;35;1mSQL (0.1ms)[0m   [0mSET SQL_AUTO_IS_NULL=0[0m


Processing HomepageController#hexagon_home (for 127.0.0.1 at 2010-01-09 13:10:54) [GET]
  Parameters: {"action"=>"hexagon_home", "username"=>"wallyqs", "controller"=>"homepage"}
  [4;36;1mUser Columns (1.6ms)[0m   [0;1mSHOW FIELDS FROM `users`[0m
  [4;35;1mUser Load (0.5ms)[0m   [0mSELECT * FROM `users` WHERE (`users`.`login` = 'wallyqs') LIMIT 1[0m
Rendering template within layouts/application
Rendering homepage/hexagon_home
  [4;36;1mUser Load (1.4ms)[0m   [0;1mSELECT * FROM `users` WHERE (`users`.`id` = '1') LIMIT 1[0m
  [4;35;1mSQL (0.1ms)[0m   [0mBEGIN[0m
  [4;36;1mUser Update (0.3ms)[0m   [0;1mUPDATE `users` SET `updated_at` = '2010-01-09 19:10:54', `last_request_at` = '2010-01-09 19:10:54' WHERE `id` = 1[0m
  [4;35;1mSQL (26.9ms)[0m   [0mCOMMIT[0m
Completed in 70ms (View: 20, DB: 32) | 200 OK [http://localhost/wallyqs]
  [4;36;1mSQL (0.2ms)[0m   [0;1mSET NAMES 'utf8'[0m
  [4;35;1mSQL (0.3ms)[0m   [0mSET SQL_AUTO_IS_NULL=0[0m


Processing HomepageController#hexagon_home (for 127.0.0.1 at 2010-01-09 13:11:23) [GET]
  Parameters: {"action"=>"hexagon_home", "username"=>"wallyqs", "controller"=>"homepage"}
  [4;36;1mUser Columns (1.6ms)[0m   [0;1mSHOW FIELDS FROM `users`[0m
  [4;35;1mUser Load (5.5ms)[0m   [0mSELECT * FROM `users` WHERE (`users`.`login` = 'wallyqs') LIMIT 1[0m
Rendering template within layouts/application
Rendering homepage/hexagon_home
  [4;36;1mUser Load (0.4ms)[0m   [0;1mSELECT * FROM `users` WHERE (`users`.`id` = '1') LIMIT 1[0m
  [4;35;1mSQL (0.2ms)[0m   [0mBEGIN[0m
  [4;36;1mUser Update (0.7ms)[0m   [0;1mUPDATE `users` SET `updated_at` = '2010-01-09 19:11:24', `last_request_at` = '2010-01-09 19:11:24' WHERE `id` = 1[0m
  [4;35;1mSQL (1.8ms)[0m   [0mCOMMIT[0m
Completed in 53ms (View: 24, DB: 11) | 200 OK [http://localhost/wallyqs]
  [4;36;1mSQL (0.1ms)[0m   [0;1mSET NAMES 'utf8'[0m
  [4;35;1mSQL (2.0ms)[0m   [0mSET SQL_AUTO_IS_NULL=0[0m


Processing HomepageController#hexagon_home (for 127.0.0.1 at 2010-01-09 13:11:25) [GET]
  Parameters: {"action"=>"hexagon_home", "username"=>"wallyqsa", "controller"=>"homepage"}
  [4;36;1mUser Columns (1.6ms)[0m   [0;1mSHOW FIELDS FROM `users`[0m
  [4;35;1mUser Load (0.5ms)[0m   [0mSELECT * FROM `users` WHERE (`users`.`login` = 'wallyqsa') LIMIT 1[0m
Redirected to http://localhost:3000home
Completed in 23ms (DB: 4) | 302 Found [http://localhost/wallyqsa]
  [4;36;1mSQL (4.1ms)[0m   [0;1mSET NAMES 'utf8'[0m
  [4;35;1mSQL (0.1ms)[0m   [0mSET SQL_AUTO_IS_NULL=0[0m


Processing HomepageController#home (for 127.0.0.1 at 2010-01-09 13:11:25) [GET]
  Parameters: {"action"=>"home", "controller"=>"homepage"}
Rendering template within layouts/application
Rendering homepage/home
  [4;36;1mUser Columns (1.8ms)[0m   [0;1mSHOW FIELDS FROM `users`[0m
  [4;35;1mUser Load (5.4ms)[0m   [0mSELECT * FROM `users` WHERE (`users`.`id` = '1') LIMIT 1[0m
  [4;36;1mSQL (0.1ms)[0m   [0;1mBEGIN[0m
  [4;35;1mUser Update (0.4ms)[0m   [0mUPDATE `users` SET `updated_at` = '2010-01-09 19:11:26', `last_request_at` = '2010-01-09 19:11:26' WHERE `id` = 1[0m
  [4;36;1mSQL (16.6ms)[0m   [0;1mCOMMIT[0m
Completed in 65ms (View: 36, DB: 29) | 200 OK [http://localhost/]
  [4;35;1mSQL (0.1ms)[0m   [0mSET NAMES 'utf8'[0m
  [4;36;1mSQL (0.1ms)[0m   [0;1mSET SQL_AUTO_IS_NULL=0[0m


Processing HomepageController#hexagon_home (for 127.0.0.1 at 2010-01-09 13:11:28) [GET]
  Parameters: {"action"=>"hexagon_home", "username"=>"wallyqs", "controller"=>"homepage"}
  [4;35;1mUser Columns (1.9ms)[0m   [0mSHOW FIELDS FROM `users`[0m
  [4;36;1mUser Load (0.6ms)[0m   [0;1mSELECT * FROM `users` WHERE (`users`.`login` = 'wallyqs') LIMIT 1[0m
Rendering template within layouts/application
Rendering homepage/hexagon_home
  [4;35;1mUser Load (0.4ms)[0m   [0mSELECT * FROM `users` WHERE (`users`.`id` = '1') LIMIT 1[0m
  [4;36;1mSQL (0.1ms)[0m   [0;1mBEGIN[0m
  [4;35;1mUser Update (0.5ms)[0m   [0mUPDATE `users` SET `updated_at` = '2010-01-09 19:11:28', `last_request_at` = '2010-01-09 19:11:28' WHERE `id` = 1[0m
  [4;36;1mSQL (2.4ms)[0m   [0;1mCOMMIT[0m
Completed in 45ms (View: 20, DB: 7) | 200 OK [http://localhost/wallyqs]
                                                                                                                                                                                                                                                                                                                                                                                                                                                                                                                                                                                                